2026-05-18 17:08:16 INFO  [main] com.smartlogix.bff.BffApplication - Starting BffApplication using Java 25.0.2 with PID 9492 (C:\Users\Gabrielpc\Documents\GitHub\DESARROLLO-FULLSTACK-III-Evaluaci-n-Parcial-N-2\Backend\smartlogix-parent\BFF\target\classes started by Gabrielpc in C:\Users\Gabrielpc\Documents\GitHub\DESARROLLO-FULLSTACK-III-Evaluaci-n-Parcial-N-2\Backend\smartlogix-parent\BFF)
2026-05-18 17:08:16 DEBUG [main] com.smartlogix.bff.BffApplication - Running with Spring Boot v3.3.5, Spring v6.1.14
2026-05-18 17:08:16 INFO  [main] com.smartlogix.bff.BffApplication - No active profile set, falling back to 1 default profile: "default"
2026-05-18 17:08:18 INFO  [main] o.s.cloud.context.scope.GenericScope - BeanFactory id=5fc57441-7aa2-3001-9193-709dd78676c0
2026-05-18 17:08:18 WARN  [main] o.s.c.s.PostProcessorRegistrationDelegate$BeanPostProcessorChecker - Bean 'org.springframework.cloud.client.loadbalancer.LoadBalancerAutoConfiguration$DeferringLoadBalancerInterceptorConfig' of type [org.springframework.cloud.client.loadbalancer.LoadBalancerAutoConfiguration$DeferringLoadBalancerInterceptorConfig] is not eligible for getting processed by all BeanPostProcessors (for example: not eligible for auto-proxying). The currently created BeanPostProcessor [lbRestClientPostProcessor] is declared through a non-static factory method on that class; consider declaring it as static instead.
2026-05-18 17:08:18 WARN  [main] o.s.c.s.PostProcessorRegistrationDelegate$BeanPostProcessorChecker - Bean 'deferringLoadBalancerInterceptor' of type [org.springframework.cloud.client.loadbalancer.DeferringLoadBalancerInterceptor] is not eligible for getting processed by all BeanPostProcessors (for example: not eligible for auto-proxying). Is this bean getting eagerly injected/applied to a currently created BeanPostProcessor [lbRestClientPostProcessor]? Check the corresponding BeanPostProcessor declaration and its dependencies/advisors. If this bean does not have to be post-processed, declare it with ROLE_INFRASTRUCTURE.
2026-05-18 17:08:18 INFO  [main] o.s.b.w.e.tomcat.TomcatWebServer - Tomcat initialized with port 8083 (http)
2026-05-18 17:08:18 INFO  [main] o.a.catalina.core.StandardService - Starting service [Tomcat]
2026-05-18 17:08:18 INFO  [main] o.a.catalina.core.StandardEngine - Starting Servlet engine: [Apache Tomcat/10.1.31]
2026-05-18 17:08:18 INFO  [main] o.a.c.c.C.[Tomcat].[localhost].[/] - Initializing Spring embedded WebApplicationContext
2026-05-18 17:08:18 INFO  [main] o.s.b.w.s.c.ServletWebServerApplicationContext - Root WebApplicationContext: initialization completed in 2787 ms
2026-05-18 17:08:20 INFO  [main] o.s.c.n.e.c.DiscoveryClientOptionalArgsConfiguration - Eureka HTTP Client uses RestTemplate.
2026-05-18 17:08:20 WARN  [main] o.s.c.l.c.LoadBalancerCacheAutoConfiguration$LoadBalancerCaffeineWarnLogger - Spring Cloud LoadBalancer is currently working with the default cache. While this cache implementation is useful for development and tests, it's recommended to use Caffeine cache in production.You can switch to using Caffeine cache, by adding it and org.springframework.cache.caffeine.CaffeineCacheManager to the classpath.
2026-05-18 17:08:20 INFO  [main] o.s.b.a.e.web.EndpointLinksResolver - Exposing 2 endpoints beneath base path '/actuator'
2026-05-18 17:08:20 INFO  [main] o.s.c.n.eureka.InstanceInfoFactory - Setting initial instance status as: STARTING
2026-05-18 17:08:21 INFO  [main] c.netflix.discovery.DiscoveryClient - Initializing Eureka in region us-east-1
2026-05-18 17:08:21 INFO  [main] c.n.d.s.r.aws.ConfigClusterResolver - Resolving eureka endpoints via configuration
2026-05-18 17:08:21 INFO  [main] c.netflix.discovery.DiscoveryClient - Disable delta property : false
2026-05-18 17:08:21 INFO  [main] c.netflix.discovery.DiscoveryClient - Single vip registry refresh property : null
2026-05-18 17:08:21 INFO  [main] c.netflix.discovery.DiscoveryClient - Force full registry fetch : false
2026-05-18 17:08:21 INFO  [main] c.netflix.discovery.DiscoveryClient - Application is null : false
2026-05-18 17:08:21 INFO  [main] c.netflix.discovery.DiscoveryClient - Registered Applications size is zero : true
2026-05-18 17:08:21 INFO  [main] c.netflix.discovery.DiscoveryClient - Application version is -1: true
2026-05-18 17:08:21 INFO  [main] c.netflix.discovery.DiscoveryClient - Getting all instance registry info from the eureka server
2026-05-18 17:08:21 INFO  [main] c.netflix.discovery.DiscoveryClient - The response status is 200
2026-05-18 17:08:21 INFO  [main] c.netflix.discovery.DiscoveryClient - Starting heartbeat executor: renew interval is: 30
2026-05-18 17:08:21 INFO  [main] c.n.discovery.InstanceInfoReplicator - InstanceInfoReplicator onDemand update allowed rate per min is 4
2026-05-18 17:08:21 INFO  [main] c.netflix.discovery.DiscoveryClient - Discovery Client initialized at timestamp 1779138501645 with initial instances count: 4
2026-05-18 17:08:21 INFO  [main] o.s.c.n.e.s.EurekaServiceRegistry - Registering application BFF-SMARTLOGIX with eureka with status UP
2026-05-18 17:08:21 INFO  [main] c.netflix.discovery.DiscoveryClient - Saw local status change event StatusChangeEvent [timestamp=1779138501649, current=UP, previous=STARTING]
2026-05-18 17:08:21 INFO  [DiscoveryClient-InstanceInfoReplicator-%d] c.netflix.discovery.DiscoveryClient - DiscoveryClient_BFF-SMARTLOGIX/bff-smartlogix:8083: registering service...
2026-05-18 17:08:21 INFO  [main] o.s.b.w.e.tomcat.TomcatWebServer - Tomcat started on port 8083 (http) with context path '/'
2026-05-18 17:08:21 INFO  [main] o.s.c.n.e.s.EurekaAutoServiceRegistration - Updating port to 8083
2026-05-18 17:08:21 INFO  [DiscoveryClient-InstanceInfoReplicator-%d] c.netflix.discovery.DiscoveryClient - DiscoveryClient_BFF-SMARTLOGIX/bff-smartlogix:8083 - registration status: 204
2026-05-18 17:08:21 INFO  [main] com.smartlogix.bff.BffApplication - Started BffApplication in 6.424 seconds (process running for 6.966)
2026-05-18 17:10:27 INFO  [http-nio-8083-exec-1] o.a.c.c.C.[Tomcat].[localhost].[/] - Initializing Spring DispatcherServlet 'dispatcherServlet'
2026-05-18 17:10:27 INFO  [http-nio-8083-exec-1] o.s.web.servlet.DispatcherServlet - Initializing Servlet 'dispatcherServlet'
2026-05-18 17:10:27 INFO  [http-nio-8083-exec-1] o.s.web.servlet.DispatcherServlet - Completed initialization in 1 ms
2026-05-18 17:13:21 INFO  [AsyncResolver-bootstrap-executor-%d] c.n.d.s.r.aws.ConfigClusterResolver - Resolving eureka endpoints via configuration
2026-05-18 17:32:36 INFO  [main] com.smartlogix.bff.BffApplication - Starting BffApplication using Java 25.0.2 with PID 19768 (C:\Users\Gabrielpc\Documents\GitHub\DESARROLLO-FULLSTACK-III-Evaluaci-n-Parcial-N-2\Backend\smartlogix-parent\BFF\target\classes started by Gabrielpc in C:\Users\Gabrielpc\Documents\GitHub\DESARROLLO-FULLSTACK-III-Evaluaci-n-Parcial-N-2\Backend\smartlogix-parent\BFF)
2026-05-18 17:32:36 DEBUG [main] com.smartlogix.bff.BffApplication - Running with Spring Boot v3.3.5, Spring v6.1.14
2026-05-18 17:32:36 INFO  [main] com.smartlogix.bff.BffApplication - No active profile set, falling back to 1 default profile: "default"
2026-05-18 17:32:40 INFO  [main] o.s.cloud.context.scope.GenericScope - BeanFactory id=f1ff69e3-0b64-3586-8d5e-57abce6e9f8e
2026-05-18 17:32:40 WARN  [main] o.s.c.s.PostProcessorRegistrationDelegate$BeanPostProcessorChecker - Bean 'org.springframework.cloud.client.loadbalancer.LoadBalancerAutoConfiguration$DeferringLoadBalancerInterceptorConfig' of type [org.springframework.cloud.client.loadbalancer.LoadBalancerAutoConfiguration$DeferringLoadBalancerInterceptorConfig] is not eligible for getting processed by all BeanPostProcessors (for example: not eligible for auto-proxying). The currently created BeanPostProcessor [lbRestClientPostProcessor] is declared through a non-static factory method on that class; consider declaring it as static instead.
2026-05-18 17:32:40 WARN  [main] o.s.c.s.PostProcessorRegistrationDelegate$BeanPostProcessorChecker - Bean 'deferringLoadBalancerInterceptor' of type [org.springframework.cloud.client.loadbalancer.DeferringLoadBalancerInterceptor] is not eligible for getting processed by all BeanPostProcessors (for example: not eligible for auto-proxying). Is this bean getting eagerly injected/applied to a currently created BeanPostProcessor [lbRestClientPostProcessor]? Check the corresponding BeanPostProcessor declaration and its dependencies/advisors. If this bean does not have to be post-processed, declare it with ROLE_INFRASTRUCTURE.
2026-05-18 17:32:41 INFO  [main] o.s.b.w.e.tomcat.TomcatWebServer - Tomcat initialized with port 8083 (http)
2026-05-18 17:32:41 INFO  [main] o.a.catalina.core.StandardService - Starting service [Tomcat]
2026-05-18 17:32:41 INFO  [main] o.a.catalina.core.StandardEngine - Starting Servlet engine: [Apache Tomcat/10.1.31]
2026-05-18 17:32:42 INFO  [main] o.a.c.c.C.[Tomcat].[localhost].[/] - Initializing Spring embedded WebApplicationContext
2026-05-18 17:32:42 INFO  [main] o.s.b.w.s.c.ServletWebServerApplicationContext - Root WebApplicationContext: initialization completed in 5578 ms
2026-05-18 17:32:50 INFO  [main] o.s.b.a.e.web.EndpointLinksResolver - Exposing 2 endpoints beneath base path '/actuator'
2026-05-18 17:32:51 INFO  [main] o.s.c.n.e.c.DiscoveryClientOptionalArgsConfiguration - Eureka HTTP Client uses RestTemplate.
2026-05-18 17:32:51 WARN  [main] o.s.c.l.c.LoadBalancerCacheAutoConfiguration$LoadBalancerCaffeineWarnLogger - Spring Cloud LoadBalancer is currently working with the default cache. While this cache implementation is useful for development and tests, it's recommended to use Caffeine cache in production.You can switch to using Caffeine cache, by adding it and org.springframework.cache.caffeine.CaffeineCacheManager to the classpath.
2026-05-18 17:32:51 INFO  [main] o.s.c.n.eureka.InstanceInfoFactory - Setting initial instance status as: STARTING
2026-05-18 17:32:51 INFO  [main] c.netflix.discovery.DiscoveryClient - Initializing Eureka in region us-east-1
2026-05-18 17:32:51 INFO  [main] c.n.d.s.r.aws.ConfigClusterResolver - Resolving eureka endpoints via configuration
2026-05-18 17:32:51 INFO  [main] c.netflix.discovery.DiscoveryClient - Disable delta property : false
2026-05-18 17:32:51 INFO  [main] c.netflix.discovery.DiscoveryClient - Single vip registry refresh property : null
2026-05-18 17:32:51 INFO  [main] c.netflix.discovery.DiscoveryClient - Force full registry fetch : false
2026-05-18 17:32:51 INFO  [main] c.netflix.discovery.DiscoveryClient - Application is null : false
2026-05-18 17:32:51 INFO  [main] c.netflix.discovery.DiscoveryClient - Registered Applications size is zero : true
2026-05-18 17:32:51 INFO  [main] c.netflix.discovery.DiscoveryClient - Application version is -1: true
2026-05-18 17:32:51 INFO  [main] c.netflix.discovery.DiscoveryClient - Getting all instance registry info from the eureka server
2026-05-18 17:32:52 INFO  [main] c.netflix.discovery.DiscoveryClient - The response status is 200
2026-05-18 17:32:52 INFO  [main] c.netflix.discovery.DiscoveryClient - Starting heartbeat executor: renew interval is: 30
2026-05-18 17:32:52 INFO  [main] c.n.discovery.InstanceInfoReplicator - InstanceInfoReplicator onDemand update allowed rate per min is 4
2026-05-18 17:32:52 INFO  [main] c.netflix.discovery.DiscoveryClient - Discovery Client initialized at timestamp 1779139972283 with initial instances count: 0
2026-05-18 17:32:52 INFO  [main] o.s.c.n.e.s.EurekaServiceRegistry - Registering application BFF-SMARTLOGIX with eureka with status UP
2026-05-18 17:32:52 INFO  [main] c.netflix.discovery.DiscoveryClient - Saw local status change event StatusChangeEvent [timestamp=1779139972303, current=UP, previous=STARTING]
2026-05-18 17:32:52 INFO  [DiscoveryClient-InstanceInfoReplicator-%d] c.netflix.discovery.DiscoveryClient - DiscoveryClient_BFF-SMARTLOGIX/bff-smartlogix:8083: registering service...
2026-05-18 17:32:52 INFO  [main] o.s.b.w.e.tomcat.TomcatWebServer - Tomcat started on port 8083 (http) with context path '/'
2026-05-18 17:32:52 INFO  [main] o.s.c.n.e.s.EurekaAutoServiceRegistration - Updating port to 8083
2026-05-18 17:32:52 INFO  [DiscoveryClient-InstanceInfoReplicator-%d] c.netflix.discovery.DiscoveryClient - DiscoveryClient_BFF-SMARTLOGIX/bff-smartlogix:8083 - registration status: 204
2026-05-18 17:32:52 INFO  [main] com.smartlogix.bff.BffApplication - Started BffApplication in 17.274 seconds (process running for 18.634)
2026-05-18 17:33:22 INFO  [DiscoveryClient-CacheRefreshExecutor-%d] c.netflix.discovery.DiscoveryClient - Disable delta property : false
2026-05-18 17:33:22 INFO  [DiscoveryClient-CacheRefreshExecutor-%d] c.netflix.discovery.DiscoveryClient - Single vip registry refresh property : null
2026-05-18 17:33:22 INFO  [DiscoveryClient-CacheRefreshExecutor-%d] c.netflix.discovery.DiscoveryClient - Force full registry fetch : false
2026-05-18 17:33:22 INFO  [DiscoveryClient-CacheRefreshExecutor-%d] c.netflix.discovery.DiscoveryClient - Application is null : false
2026-05-18 17:33:22 INFO  [DiscoveryClient-CacheRefreshExecutor-%d] c.netflix.discovery.DiscoveryClient - Registered Applications size is zero : true
2026-05-18 17:33:22 INFO  [DiscoveryClient-CacheRefreshExecutor-%d] c.netflix.discovery.DiscoveryClient - Application version is -1: false
2026-05-18 17:33:22 INFO  [DiscoveryClient-CacheRefreshExecutor-%d] c.netflix.discovery.DiscoveryClient - Getting all instance registry info from the eureka server
2026-05-18 17:33:22 INFO  [DiscoveryClient-CacheRefreshExecutor-%d] c.netflix.discovery.DiscoveryClient - The response status is 200
2026-05-18 17:37:51 INFO  [AsyncResolver-bootstrap-executor-%d] c.n.d.s.r.aws.ConfigClusterResolver - Resolving eureka endpoints via configuration
2026-05-18 17:42:51 INFO  [AsyncResolver-bootstrap-executor-%d] c.n.d.s.r.aws.ConfigClusterResolver - Resolving eureka endpoints via configuration
2026-05-18 17:47:51 INFO  [AsyncResolver-bootstrap-executor-%d] c.n.d.s.r.aws.ConfigClusterResolver - Resolving eureka endpoints via configuration
2026-05-18 17:52:51 INFO  [AsyncResolver-bootstrap-executor-%d] c.n.d.s.r.aws.ConfigClusterResolver - Resolving eureka endpoints via configuration
2026-05-18 17:57:51 INFO  [AsyncResolver-bootstrap-executor-%d] c.n.d.s.r.aws.ConfigClusterResolver - Resolving eureka endpoints via configuration
