2026-05-18 20:55:18 INFO  [main] c.e.eureka.EurekaServerApplication - Starting EurekaServerApplication using Java 25.0.2 with PID 23464 (C:\Users\gubif\Documents\GitHub\DESARROLLO-FULLSTACK-III-Evaluaci-n-Parcial-N-2\Backend\smartlogix-parent\Eureka\target\classes started by Gubier in C:\Users\gubif\Documents\GitHub\DESARROLLO-FULLSTACK-III-Evaluaci-n-Parcial-N-2\Backend\smartlogix-parent\Eureka)
2026-05-18 20:55:18 INFO  [main] c.e.eureka.EurekaServerApplication - No active profile set, falling back to 1 default profile: "default"
2026-05-18 20:55:18 INFO  [main] o.s.cloud.context.scope.GenericScope - BeanFactory id=d15412a2-dedd-38bc-86c9-0f5a35ebb0de
2026-05-18 20:55:18 WARN  [main] o.s.c.s.PostProcessorRegistrationDelegate$BeanPostProcessorChecker - Bean 'org.springframework.cloud.client.loadbalancer.LoadBalancerAutoConfiguration$DeferringLoadBalancerInterceptorConfig' of type [org.springframework.cloud.client.loadbalancer.LoadBalancerAutoConfiguration$DeferringLoadBalancerInterceptorConfig] is not eligible for getting processed by all BeanPostProcessors (for example: not eligible for auto-proxying). The currently created BeanPostProcessor [lbRestClientPostProcessor] is declared through a non-static factory method on that class; consider declaring it as static instead.
2026-05-18 20:55:18 WARN  [main] o.s.c.s.PostProcessorRegistrationDelegate$BeanPostProcessorChecker - Bean 'deferringLoadBalancerInterceptor' of type [org.springframework.cloud.client.loadbalancer.DeferringLoadBalancerInterceptor] is not eligible for getting processed by all BeanPostProcessors (for example: not eligible for auto-proxying). Is this bean getting eagerly injected/applied to a currently created BeanPostProcessor [lbRestClientPostProcessor]? Check the corresponding BeanPostProcessor declaration and its dependencies/advisors. If this bean does not have to be post-processed, declare it with ROLE_INFRASTRUCTURE.
2026-05-18 20:55:19 INFO  [main] o.s.b.w.e.tomcat.TomcatWebServer - Tomcat initialized with port 8761 (http)
2026-05-18 20:55:19 INFO  [main] o.a.catalina.core.StandardService - Starting service [Tomcat]
2026-05-18 20:55:19 INFO  [main] o.a.catalina.core.StandardEngine - Starting Servlet engine: [Apache Tomcat/10.1.31]
2026-05-18 20:55:19 INFO  [main] o.a.c.c.C.[Tomcat].[localhost].[/] - Initializing Spring embedded WebApplicationContext
2026-05-18 20:55:19 INFO  [main] o.s.b.w.s.c.ServletWebServerApplicationContext - Root WebApplicationContext: initialization completed in 759 ms
2026-05-18 20:55:19 INFO  [main] c.n.d.p.DiscoveryJerseyProvider - Using JSON encoding codec LegacyJacksonJson
2026-05-18 20:55:19 INFO  [main] c.n.d.p.DiscoveryJerseyProvider - Using JSON decoding codec LegacyJacksonJson
2026-05-18 20:55:19 INFO  [main] c.n.d.p.DiscoveryJerseyProvider - Using XML encoding codec XStreamXml
2026-05-18 20:55:19 INFO  [main] c.n.d.p.DiscoveryJerseyProvider - Using XML decoding codec XStreamXml
2026-05-18 20:55:20 WARN  [main] o.s.c.l.c.LoadBalancerCacheAutoConfiguration$LoadBalancerCaffeineWarnLogger - Spring Cloud LoadBalancer is currently working with the default cache. While this cache implementation is useful for development and tests, it's recommended to use Caffeine cache in production.You can switch to using Caffeine cache, by adding it and org.springframework.cache.caffeine.CaffeineCacheManager to the classpath.
2026-05-18 20:55:20 INFO  [main] o.s.c.n.eureka.InstanceInfoFactory - Setting initial instance status as: STARTING
2026-05-18 20:55:20 INFO  [main] c.netflix.discovery.DiscoveryClient - Initializing Eureka in region us-east-1
2026-05-18 20:55:20 INFO  [main] c.netflix.discovery.DiscoveryClient - Client configured to neither register nor query for data.
2026-05-18 20:55:20 INFO  [main] c.netflix.discovery.DiscoveryClient - Discovery Client initialized at timestamp 1779152120184 with initial instances count: 0
2026-05-18 20:55:20 INFO  [main] c.n.e.DefaultEurekaServerContext - Initializing ...
2026-05-18 20:55:20 WARN  [main] c.n.eureka.cluster.PeerEurekaNodes - The replica size seems to be empty. Check the route 53 DNS Registry
2026-05-18 20:55:20 INFO  [main] c.n.e.r.AbstractInstanceRegistry - Finished initializing remote region registries. All known remote regions: []
2026-05-18 20:55:20 INFO  [main] c.n.e.DefaultEurekaServerContext - Initialized
2026-05-18 20:55:20 INFO  [main] o.s.b.a.e.web.EndpointLinksResolver - Exposing 2 endpoints beneath base path '/actuator'
2026-05-18 20:55:20 INFO  [main] o.s.c.n.e.s.EurekaServiceRegistry - Registering application EUREKA-SERVER with eureka with status UP
2026-05-18 20:55:20 INFO  [Thread-9] o.s.c.n.e.s.EurekaServerBootstrap - isAws returned false
2026-05-18 20:55:20 INFO  [Thread-9] o.s.c.n.e.s.EurekaServerBootstrap - Initialized server context
2026-05-18 20:55:20 INFO  [Thread-9] c.n.e.r.PeerAwareInstanceRegistryImpl - Got 1 instances from neighboring DS node
2026-05-18 20:55:20 INFO  [Thread-9] c.n.e.r.PeerAwareInstanceRegistryImpl - Renew threshold is: 1
2026-05-18 20:55:20 INFO  [Thread-9] c.n.e.r.PeerAwareInstanceRegistryImpl - Changing status to UP
2026-05-18 20:55:20 INFO  [Thread-9] o.s.c.n.e.s.EurekaServerInitializerConfiguration - Started Eureka Server
2026-05-18 20:55:20 INFO  [main] o.s.b.w.e.tomcat.TomcatWebServer - Tomcat started on port 8761 (http) with context path '/'
2026-05-18 20:55:20 INFO  [main] o.s.c.n.e.s.EurekaAutoServiceRegistration - Updating port to 8761
2026-05-18 20:55:20 INFO  [main] c.e.eureka.EurekaServerApplication - Started EurekaServerApplication in 2.243 seconds (process running for 2.519)
2026-05-18 20:56:14 INFO  [http-nio-8761-exec-2] o.a.c.c.C.[Tomcat].[localhost].[/] - Initializing Spring DispatcherServlet 'dispatcherServlet'
2026-05-18 20:56:14 INFO  [http-nio-8761-exec-2] o.s.web.servlet.DispatcherServlet - Initializing Servlet 'dispatcherServlet'
2026-05-18 20:56:14 INFO  [http-nio-8761-exec-2] o.s.web.servlet.DispatcherServlet - Completed initialization in 1 ms
2026-05-18 20:56:14 INFO  [http-nio-8761-exec-5] c.n.e.r.AbstractInstanceRegistry - Registered instance MS-ENVIOS/ms-envios:8083 with status UP (replication=false)
2026-05-18 20:56:20 INFO  [Eureka-EvictionTimer] c.n.e.r.AbstractInstanceRegistry - Running the evict task with compensationTime 0ms
2026-05-18 20:56:32 INFO  [http-nio-8761-exec-4] c.n.e.r.AbstractInstanceRegistry - Registered instance MSINVENTARIO/msInventario:8081 with status UP (replication=false)
2026-05-18 20:56:40 INFO  [http-nio-8761-exec-6] c.n.e.r.AbstractInstanceRegistry - Registered instance MS-USUARIOS/ms-usuarios:8084 with status UP (replication=false)
2026-05-18 20:57:20 INFO  [Eureka-EvictionTimer] c.n.e.r.AbstractInstanceRegistry - Running the evict task with compensationTime 1ms
2026-05-18 20:58:20 INFO  [Eureka-EvictionTimer] c.n.e.r.AbstractInstanceRegistry - Running the evict task with compensationTime 6ms
2026-05-18 20:59:20 INFO  [Eureka-EvictionTimer] c.n.e.r.AbstractInstanceRegistry - Running the evict task with compensationTime 10ms
2026-05-18 21:00:20 INFO  [Eureka-EvictionTimer] c.n.e.r.AbstractInstanceRegistry - Running the evict task with compensationTime 10ms
2026-05-18 21:01:20 INFO  [Eureka-EvictionTimer] c.n.e.r.AbstractInstanceRegistry - Running the evict task with compensationTime 14ms
2026-05-18 21:02:20 INFO  [Eureka-EvictionTimer] c.n.e.r.AbstractInstanceRegistry - Running the evict task with compensationTime 14ms
2026-05-18 21:03:20 INFO  [Eureka-EvictionTimer] c.n.e.r.AbstractInstanceRegistry - Running the evict task with compensationTime 0ms
2026-05-18 21:04:20 INFO  [Eureka-EvictionTimer] c.n.e.r.AbstractInstanceRegistry - Running the evict task with compensationTime 13ms
2026-05-18 21:05:20 WARN  [Eureka-PeerNodesUpdater] c.n.eureka.cluster.PeerEurekaNodes - The replica size seems to be empty. Check the route 53 DNS Registry
2026-05-18 21:05:20 INFO  [Eureka-EvictionTimer] c.n.e.r.AbstractInstanceRegistry - Running the evict task with compensationTime 7ms
2026-05-18 21:06:20 INFO  [Eureka-EvictionTimer] c.n.e.r.AbstractInstanceRegistry - Running the evict task with compensationTime 0ms
2026-05-18 21:07:20 INFO  [Eureka-EvictionTimer] c.n.e.r.AbstractInstanceRegistry - Running the evict task with compensationTime 8ms
2026-05-18 21:08:20 INFO  [Eureka-EvictionTimer] c.n.e.r.AbstractInstanceRegistry - Running the evict task with compensationTime 6ms
2026-05-18 21:09:20 INFO  [Eureka-EvictionTimer] c.n.e.r.AbstractInstanceRegistry - Running the evict task with compensationTime 11ms
2026-05-18 21:10:20 INFO  [ReplicaAwareInstanceRegistry - RenewalThresholdUpdater] c.n.e.r.PeerAwareInstanceRegistryImpl - Current renewal threshold is : 6
2026-05-18 21:10:20 INFO  [Eureka-EvictionTimer] c.n.e.r.AbstractInstanceRegistry - Running the evict task with compensationTime 7ms
2026-05-18 21:11:20 INFO  [Eureka-EvictionTimer] c.n.e.r.AbstractInstanceRegistry - Running the evict task with compensationTime 3ms
2026-05-18 21:12:20 INFO  [Eureka-EvictionTimer] c.n.e.r.AbstractInstanceRegistry - Running the evict task with compensationTime 1ms
2026-05-18 21:13:20 INFO  [Eureka-EvictionTimer] c.n.e.r.AbstractInstanceRegistry - Running the evict task with compensationTime 0ms
2026-05-18 21:13:35 INFO  [http-nio-8761-exec-5] c.n.e.r.AbstractInstanceRegistry - Registered instance MSPEDIDOS-TEST/msPedidos-test:${server.port} with status UP (replication=false)
2026-05-18 21:13:35 INFO  [http-nio-8761-exec-2] c.n.e.r.AbstractInstanceRegistry - Registered instance MSPEDIDOS-TEST/msPedidos-test:${server.port} with status DOWN (replication=false)
2026-05-18 21:13:54 INFO  [http-nio-8761-exec-5] c.n.e.r.AbstractInstanceRegistry - Registered instance MSPEDIDOS/msPedidos:8082 with status UP (replication=false)
2026-05-18 21:14:20 INFO  [Eureka-EvictionTimer] c.n.e.r.AbstractInstanceRegistry - Running the evict task with compensationTime 0ms
2026-05-18 21:15:20 WARN  [Eureka-PeerNodesUpdater] c.n.eureka.cluster.PeerEurekaNodes - The replica size seems to be empty. Check the route 53 DNS Registry
2026-05-18 21:15:20 INFO  [Eureka-EvictionTimer] c.n.e.r.AbstractInstanceRegistry - Running the evict task with compensationTime 0ms
2026-05-18 21:16:20 INFO  [Eureka-EvictionTimer] c.n.e.r.AbstractInstanceRegistry - Running the evict task with compensationTime 0ms
2026-05-18 21:17:20 INFO  [Eureka-EvictionTimer] c.n.e.r.AbstractInstanceRegistry - Running the evict task with compensationTime 0ms
2026-05-18 21:18:20 INFO  [Eureka-EvictionTimer] c.n.e.r.AbstractInstanceRegistry - Running the evict task with compensationTime 0ms
2026-05-18 21:19:20 INFO  [Eureka-EvictionTimer] c.n.e.r.AbstractInstanceRegistry - Running the evict task with compensationTime 0ms
2026-05-18 21:20:20 INFO  [Eureka-EvictionTimer] c.n.e.r.AbstractInstanceRegistry - Running the evict task with compensationTime 0ms
2026-05-18 21:21:20 INFO  [Eureka-EvictionTimer] c.n.e.r.AbstractInstanceRegistry - Running the evict task with compensationTime 0ms
2026-05-18 21:22:20 INFO  [Eureka-EvictionTimer] c.n.e.r.AbstractInstanceRegistry - Running the evict task with compensationTime 0ms
2026-05-18 21:23:20 INFO  [Eureka-EvictionTimer] c.n.e.r.AbstractInstanceRegistry - Running the evict task with compensationTime 0ms
2026-05-18 21:24:20 INFO  [Eureka-EvictionTimer] c.n.e.r.AbstractInstanceRegistry - Running the evict task with compensationTime 0ms
2026-05-18 21:25:20 INFO  [ReplicaAwareInstanceRegistry - RenewalThresholdUpdater] c.n.e.r.PeerAwareInstanceRegistryImpl - Current renewal threshold is : 10
2026-05-18 21:25:20 WARN  [Eureka-PeerNodesUpdater] c.n.eureka.cluster.PeerEurekaNodes - The replica size seems to be empty. Check the route 53 DNS Registry
2026-05-18 21:25:20 INFO  [Eureka-EvictionTimer] c.n.e.r.AbstractInstanceRegistry - Running the evict task with compensationTime 0ms
2026-05-18 21:26:20 INFO  [Eureka-EvictionTimer] c.n.e.r.AbstractInstanceRegistry - Running the evict task with compensationTime 15ms
2026-05-18 21:27:20 INFO  [Eureka-EvictionTimer] c.n.e.r.AbstractInstanceRegistry - Running the evict task with compensationTime 3ms
2026-05-18 21:28:20 INFO  [Eureka-EvictionTimer] c.n.e.r.AbstractInstanceRegistry - Running the evict task with compensationTime 9ms
2026-05-18 21:29:20 INFO  [Eureka-EvictionTimer] c.n.e.r.AbstractInstanceRegistry - Running the evict task with compensationTime 3ms
2026-05-18 21:30:20 INFO  [Eureka-EvictionTimer] c.n.e.r.AbstractInstanceRegistry - Running the evict task with compensationTime 8ms
2026-05-18 21:31:20 INFO  [Eureka-EvictionTimer] c.n.e.r.AbstractInstanceRegistry - Running the evict task with compensationTime 0ms
2026-05-18 21:32:20 INFO  [Eureka-EvictionTimer] c.n.e.r.AbstractInstanceRegistry - Running the evict task with compensationTime 0ms
2026-05-18 21:33:20 INFO  [Eureka-EvictionTimer] c.n.e.r.AbstractInstanceRegistry - Running the evict task with compensationTime 0ms
2026-05-18 21:34:20 INFO  [Eureka-EvictionTimer] c.n.e.r.AbstractInstanceRegistry - Running the evict task with compensationTime 12ms
2026-05-18 21:35:20 WARN  [Eureka-PeerNodesUpdater] c.n.eureka.cluster.PeerEurekaNodes - The replica size seems to be empty. Check the route 53 DNS Registry
2026-05-18 21:35:20 INFO  [Eureka-EvictionTimer] c.n.e.r.AbstractInstanceRegistry - Running the evict task with compensationTime 0ms
2026-05-18 21:36:20 INFO  [Eureka-EvictionTimer] c.n.e.r.AbstractInstanceRegistry - Running the evict task with compensationTime 0ms
2026-05-18 21:37:20 INFO  [Eureka-EvictionTimer] c.n.e.r.AbstractInstanceRegistry - Running the evict task with compensationTime 0ms
2026-05-18 21:38:20 INFO  [Eureka-EvictionTimer] c.n.e.r.AbstractInstanceRegistry - Running the evict task with compensationTime 0ms
2026-05-18 21:39:20 INFO  [Eureka-EvictionTimer] c.n.e.r.AbstractInstanceRegistry - Running the evict task with compensationTime 0ms
2026-05-18 21:40:20 INFO  [ReplicaAwareInstanceRegistry - RenewalThresholdUpdater] c.n.e.r.PeerAwareInstanceRegistryImpl - Current renewal threshold is : 10
2026-05-18 21:40:20 INFO  [Eureka-EvictionTimer] c.n.e.r.AbstractInstanceRegistry - Running the evict task with compensationTime 0ms
2026-05-18 21:41:00 INFO  [http-nio-8761-exec-4] c.n.e.r.AbstractInstanceRegistry - Registered instance MSINVENTARIO/msInventario:8081 with status DOWN (replication=false)
2026-05-18 21:41:03 INFO  [http-nio-8761-exec-6] c.n.e.r.AbstractInstanceRegistry - Cancelled instance MSINVENTARIO/msInventario:8081 (replication=false)
2026-05-18 21:41:04 INFO  [http-nio-8761-exec-10] c.n.e.r.AbstractInstanceRegistry - Registered instance MSPEDIDOS/msPedidos:8082 with status DOWN (replication=false)
2026-05-18 21:41:07 INFO  [http-nio-8761-exec-8] c.n.e.r.AbstractInstanceRegistry - Registered instance MS-USUARIOS/ms-usuarios:8084 with status DOWN (replication=false)
2026-05-18 21:41:07 INFO  [http-nio-8761-exec-7] c.n.e.r.AbstractInstanceRegistry - Cancelled instance MSPEDIDOS/msPedidos:8082 (replication=false)
2026-05-18 21:41:08 INFO  [http-nio-8761-exec-9] c.n.e.r.AbstractInstanceRegistry - Registered instance MS-ENVIOS/ms-envios:8083 with status DOWN (replication=false)
2026-05-18 21:41:10 INFO  [http-nio-8761-exec-4] c.n.e.r.AbstractInstanceRegistry - Cancelled instance MS-USUARIOS/ms-usuarios:8084 (replication=false)
2026-05-18 21:41:11 INFO  [http-nio-8761-exec-2] c.n.e.r.AbstractInstanceRegistry - Cancelled instance MS-ENVIOS/ms-envios:8083 (replication=false)
2026-05-18 21:41:14 INFO  [http-nio-8761-exec-1] c.n.e.r.AbstractInstanceRegistry - Registered instance MS-USUARIOS/ms-usuarios:8084 with status UP (replication=false)
2026-05-18 21:41:15 INFO  [http-nio-8761-exec-9] c.n.e.r.AbstractInstanceRegistry - Registered instance MSINVENTARIO/msInventario:8081 with status UP (replication=false)
2026-05-18 21:41:15 INFO  [http-nio-8761-exec-6] c.n.e.r.AbstractInstanceRegistry - Registered instance MS-ENVIOS/ms-envios:8083 with status UP (replication=false)
2026-05-18 21:41:16 INFO  [http-nio-8761-exec-3] c.n.e.r.AbstractInstanceRegistry - Registered instance MS-USUARIOS/ms-usuarios:8084 with status DOWN (replication=false)
2026-05-18 21:41:16 INFO  [http-nio-8761-exec-8] c.n.e.r.AbstractInstanceRegistry - Registered instance MSPEDIDOS/msPedidos:8082 with status UP (replication=false)
2026-05-18 21:41:16 INFO  [http-nio-8761-exec-10] c.n.e.r.AbstractInstanceRegistry - Registered instance MS-ENVIOS/ms-envios:8083 with status DOWN (replication=false)
2026-05-18 21:41:19 INFO  [http-nio-8761-exec-7] c.n.e.r.AbstractInstanceRegistry - Cancelled instance MS-USUARIOS/ms-usuarios:8084 (replication=false)
2026-05-18 21:41:19 INFO  [http-nio-8761-exec-9] c.n.e.r.AbstractInstanceRegistry - Cancelled instance MS-ENVIOS/ms-envios:8083 (replication=false)
2026-05-18 21:41:20 INFO  [Eureka-EvictionTimer] c.n.e.r.AbstractInstanceRegistry - Running the evict task with compensationTime 12ms
2026-05-18 21:41:21 INFO  [http-nio-8761-exec-2] c.n.e.r.AbstractInstanceRegistry - Registered instance MS-ENVIOS/ms-envios:8083 with status UP (replication=false)
2026-05-18 21:41:21 INFO  [http-nio-8761-exec-10] c.n.e.r.AbstractInstanceRegistry - Registered instance MS-USUARIOS/ms-usuarios:8084 with status UP (replication=false)
2026-05-18 21:42:20 INFO  [Eureka-EvictionTimer] c.n.e.r.AbstractInstanceRegistry - Running the evict task with compensationTime 3ms
2026-05-18 21:43:20 INFO  [Eureka-EvictionTimer] c.n.e.r.AbstractInstanceRegistry - Running the evict task with compensationTime 11ms
2026-05-18 21:44:20 INFO  [Eureka-EvictionTimer] c.n.e.r.AbstractInstanceRegistry - Running the evict task with compensationTime 2ms
2026-05-18 21:45:20 WARN  [Eureka-PeerNodesUpdater] c.n.eureka.cluster.PeerEurekaNodes - The replica size seems to be empty. Check the route 53 DNS Registry
2026-05-18 21:45:20 INFO  [Eureka-EvictionTimer] c.n.e.r.AbstractInstanceRegistry - Running the evict task with compensationTime 12ms
2026-05-18 21:46:20 INFO  [Eureka-EvictionTimer] c.n.e.r.AbstractInstanceRegistry - Running the evict task with compensationTime 3ms
2026-05-18 21:47:20 INFO  [Eureka-EvictionTimer] c.n.e.r.AbstractInstanceRegistry - Running the evict task with compensationTime 1ms
2026-05-18 21:48:20 INFO  [Eureka-EvictionTimer] c.n.e.r.AbstractInstanceRegistry - Running the evict task with compensationTime 9ms
2026-05-18 21:49:20 INFO  [Eureka-EvictionTimer] c.n.e.r.AbstractInstanceRegistry - Running the evict task with compensationTime 5ms
2026-05-18 21:50:20 INFO  [Eureka-EvictionTimer] c.n.e.r.AbstractInstanceRegistry - Running the evict task with compensationTime 0ms
2026-05-18 21:51:20 INFO  [Eureka-EvictionTimer] c.n.e.r.AbstractInstanceRegistry - Running the evict task with compensationTime 6ms
2026-05-18 21:52:20 INFO  [Eureka-EvictionTimer] c.n.e.r.AbstractInstanceRegistry - Running the evict task with compensationTime 2ms
2026-05-18 21:53:20 INFO  [Eureka-EvictionTimer] c.n.e.r.AbstractInstanceRegistry - Running the evict task with compensationTime 14ms
2026-05-18 21:54:20 INFO  [Eureka-EvictionTimer] c.n.e.r.AbstractInstanceRegistry - Running the evict task with compensationTime 6ms
2026-05-18 21:55:20 INFO  [ReplicaAwareInstanceRegistry - RenewalThresholdUpdater] c.n.e.r.PeerAwareInstanceRegistryImpl - Current renewal threshold is : 10
2026-05-18 21:55:20 WARN  [Eureka-PeerNodesUpdater] c.n.eureka.cluster.PeerEurekaNodes - The replica size seems to be empty. Check the route 53 DNS Registry
2026-05-18 21:55:20 INFO  [Eureka-EvictionTimer] c.n.e.r.AbstractInstanceRegistry - Running the evict task with compensationTime 7ms
2026-05-18 21:56:20 INFO  [Eureka-EvictionTimer] c.n.e.r.AbstractInstanceRegistry - Running the evict task with compensationTime 13ms
2026-05-18 21:57:20 INFO  [Eureka-EvictionTimer] c.n.e.r.AbstractInstanceRegistry - Running the evict task with compensationTime 0ms
2026-05-18 21:58:20 INFO  [Eureka-EvictionTimer] c.n.e.r.AbstractInstanceRegistry - Running the evict task with compensationTime 3ms
2026-05-18 21:59:20 INFO  [Eureka-EvictionTimer] c.n.e.r.AbstractInstanceRegistry - Running the evict task with compensationTime 11ms
2026-05-18 22:00:20 INFO  [Eureka-EvictionTimer] c.n.e.r.AbstractInstanceRegistry - Running the evict task with compensationTime 2ms
2026-05-18 22:01:20 INFO  [Eureka-EvictionTimer] c.n.e.r.AbstractInstanceRegistry - Running the evict task with compensationTime 2ms
2026-05-18 22:02:20 INFO  [Eureka-EvictionTimer] c.n.e.r.AbstractInstanceRegistry - Running the evict task with compensationTime 5ms
2026-05-18 22:03:20 INFO  [Eureka-EvictionTimer] c.n.e.r.AbstractInstanceRegistry - Running the evict task with compensationTime 10ms
2026-05-18 22:04:20 INFO  [Eureka-EvictionTimer] c.n.e.r.AbstractInstanceRegistry - Running the evict task with compensationTime 6ms
2026-05-18 22:05:20 WARN  [Eureka-PeerNodesUpdater] c.n.eureka.cluster.PeerEurekaNodes - The replica size seems to be empty. Check the route 53 DNS Registry
2026-05-18 22:05:20 INFO  [Eureka-EvictionTimer] c.n.e.r.AbstractInstanceRegistry - Running the evict task with compensationTime 4ms
2026-05-18 22:06:20 INFO  [Eureka-EvictionTimer] c.n.e.r.AbstractInstanceRegistry - Running the evict task with compensationTime 2ms
2026-05-18 22:07:20 INFO  [Eureka-EvictionTimer] c.n.e.r.AbstractInstanceRegistry - Running the evict task with compensationTime 13ms
2026-05-18 22:08:20 INFO  [Eureka-EvictionTimer] c.n.e.r.AbstractInstanceRegistry - Running the evict task with compensationTime 12ms
2026-05-18 22:09:20 INFO  [Eureka-EvictionTimer] c.n.e.r.AbstractInstanceRegistry - Running the evict task with compensationTime 4ms
2026-05-18 22:10:20 INFO  [ReplicaAwareInstanceRegistry - RenewalThresholdUpdater] c.n.e.r.PeerAwareInstanceRegistryImpl - Current renewal threshold is : 10
2026-05-18 22:10:20 INFO  [Eureka-EvictionTimer] c.n.e.r.AbstractInstanceRegistry - Running the evict task with compensationTime 10ms
2026-05-18 22:11:20 INFO  [Eureka-EvictionTimer] c.n.e.r.AbstractInstanceRegistry - Running the evict task with compensationTime 7ms
2026-05-18 22:12:20 INFO  [Eureka-EvictionTimer] c.n.e.r.AbstractInstanceRegistry - Running the evict task with compensationTime 9ms
2026-05-18 22:13:20 INFO  [Eureka-EvictionTimer] c.n.e.r.AbstractInstanceRegistry - Running the evict task with compensationTime 10ms
2026-05-18 22:14:20 INFO  [Eureka-EvictionTimer] c.n.e.r.AbstractInstanceRegistry - Running the evict task with compensationTime 7ms
2026-05-18 22:15:20 WARN  [Eureka-PeerNodesUpdater] c.n.eureka.cluster.PeerEurekaNodes - The replica size seems to be empty. Check the route 53 DNS Registry
2026-05-18 22:15:20 INFO  [Eureka-EvictionTimer] c.n.e.r.AbstractInstanceRegistry - Running the evict task with compensationTime 10ms
2026-05-18 22:16:20 INFO  [Eureka-EvictionTimer] c.n.e.r.AbstractInstanceRegistry - Running the evict task with compensationTime 6ms
2026-05-18 22:17:20 INFO  [Eureka-EvictionTimer] c.n.e.r.AbstractInstanceRegistry - Running the evict task with compensationTime 1ms
2026-05-18 22:18:20 INFO  [Eureka-EvictionTimer] c.n.e.r.AbstractInstanceRegistry - Running the evict task with compensationTime 9ms
2026-05-18 22:19:20 INFO  [Eureka-EvictionTimer] c.n.e.r.AbstractInstanceRegistry - Running the evict task with compensationTime 10ms
2026-05-18 22:20:20 INFO  [Eureka-EvictionTimer] c.n.e.r.AbstractInstanceRegistry - Running the evict task with compensationTime 6ms
2026-05-18 22:21:20 INFO  [Eureka-EvictionTimer] c.n.e.r.AbstractInstanceRegistry - Running the evict task with compensationTime 11ms
2026-05-18 22:22:20 INFO  [Eureka-EvictionTimer] c.n.e.r.AbstractInstanceRegistry - Running the evict task with compensationTime 8ms
2026-05-18 22:23:20 INFO  [Eureka-EvictionTimer] c.n.e.r.AbstractInstanceRegistry - Running the evict task with compensationTime 4ms
2026-05-18 22:24:20 INFO  [Eureka-EvictionTimer] c.n.e.r.AbstractInstanceRegistry - Running the evict task with compensationTime 1ms
2026-05-18 22:25:20 INFO  [ReplicaAwareInstanceRegistry - RenewalThresholdUpdater] c.n.e.r.PeerAwareInstanceRegistryImpl - Current renewal threshold is : 10
2026-05-18 22:25:20 WARN  [Eureka-PeerNodesUpdater] c.n.eureka.cluster.PeerEurekaNodes - The replica size seems to be empty. Check the route 53 DNS Registry
2026-05-18 22:25:20 INFO  [Eureka-EvictionTimer] c.n.e.r.AbstractInstanceRegistry - Running the evict task with compensationTime 1ms
2026-05-18 22:26:20 INFO  [Eureka-EvictionTimer] c.n.e.r.AbstractInstanceRegistry - Running the evict task with compensationTime 10ms
2026-05-18 22:27:20 INFO  [Eureka-EvictionTimer] c.n.e.r.AbstractInstanceRegistry - Running the evict task with compensationTime 12ms
2026-05-18 22:28:20 INFO  [Eureka-EvictionTimer] c.n.e.r.AbstractInstanceRegistry - Running the evict task with compensationTime 4ms
2026-05-18 22:29:20 INFO  [Eureka-EvictionTimer] c.n.e.r.AbstractInstanceRegistry - Running the evict task with compensationTime 5ms
2026-05-18 22:30:20 INFO  [Eureka-EvictionTimer] c.n.e.r.AbstractInstanceRegistry - Running the evict task with compensationTime 6ms
2026-05-18 22:31:20 INFO  [Eureka-EvictionTimer] c.n.e.r.AbstractInstanceRegistry - Running the evict task with compensationTime 11ms
2026-05-18 22:32:20 INFO  [Eureka-EvictionTimer] c.n.e.r.AbstractInstanceRegistry - Running the evict task with compensationTime 5ms
2026-05-18 22:33:20 INFO  [Eureka-EvictionTimer] c.n.e.r.AbstractInstanceRegistry - Running the evict task with compensationTime 13ms
2026-05-18 22:34:20 INFO  [Eureka-EvictionTimer] c.n.e.r.AbstractInstanceRegistry - Running the evict task with compensationTime 15ms
2026-05-18 22:35:20 WARN  [Eureka-PeerNodesUpdater] c.n.eureka.cluster.PeerEurekaNodes - The replica size seems to be empty. Check the route 53 DNS Registry
2026-05-18 22:35:20 INFO  [Eureka-EvictionTimer] c.n.e.r.AbstractInstanceRegistry - Running the evict task with compensationTime 15ms
2026-05-18 22:36:20 INFO  [Eureka-EvictionTimer] c.n.e.r.AbstractInstanceRegistry - Running the evict task with compensationTime 13ms
2026-05-18 22:37:20 INFO  [Eureka-EvictionTimer] c.n.e.r.AbstractInstanceRegistry - Running the evict task with compensationTime 6ms
2026-05-18 22:38:20 INFO  [Eureka-EvictionTimer] c.n.e.r.AbstractInstanceRegistry - Running the evict task with compensationTime 8ms
2026-05-18 22:39:20 INFO  [Eureka-EvictionTimer] c.n.e.r.AbstractInstanceRegistry - Running the evict task with compensationTime 1ms
2026-05-18 22:40:20 INFO  [ReplicaAwareInstanceRegistry - RenewalThresholdUpdater] c.n.e.r.PeerAwareInstanceRegistryImpl - Current renewal threshold is : 10
2026-05-18 22:40:20 INFO  [Eureka-EvictionTimer] c.n.e.r.AbstractInstanceRegistry - Running the evict task with compensationTime 9ms
2026-05-18 22:41:20 INFO  [Eureka-EvictionTimer] c.n.e.r.AbstractInstanceRegistry - Running the evict task with compensationTime 12ms
2026-05-18 22:42:20 INFO  [Eureka-EvictionTimer] c.n.e.r.AbstractInstanceRegistry - Running the evict task with compensationTime 1ms
2026-05-18 22:43:20 INFO  [Eureka-EvictionTimer] c.n.e.r.AbstractInstanceRegistry - Running the evict task with compensationTime 11ms
2026-05-18 22:44:20 INFO  [Eureka-EvictionTimer] c.n.e.r.AbstractInstanceRegistry - Running the evict task with compensationTime 3ms
2026-05-18 22:45:20 WARN  [Eureka-PeerNodesUpdater] c.n.eureka.cluster.PeerEurekaNodes - The replica size seems to be empty. Check the route 53 DNS Registry
2026-05-18 22:45:20 INFO  [Eureka-EvictionTimer] c.n.e.r.AbstractInstanceRegistry - Running the evict task with compensationTime 12ms
2026-05-18 22:46:20 INFO  [Eureka-EvictionTimer] c.n.e.r.AbstractInstanceRegistry - Running the evict task with compensationTime 14ms
2026-05-18 22:47:20 INFO  [Eureka-EvictionTimer] c.n.e.r.AbstractInstanceRegistry - Running the evict task with compensationTime 12ms
2026-05-18 22:48:20 INFO  [Eureka-EvictionTimer] c.n.e.r.AbstractInstanceRegistry - Running the evict task with compensationTime 7ms
2026-05-18 22:49:20 INFO  [Eureka-EvictionTimer] c.n.e.r.AbstractInstanceRegistry - Running the evict task with compensationTime 5ms
2026-05-18 22:50:20 INFO  [Eureka-EvictionTimer] c.n.e.r.AbstractInstanceRegistry - Running the evict task with compensationTime 11ms
2026-05-18 22:51:20 INFO  [Eureka-EvictionTimer] c.n.e.r.AbstractInstanceRegistry - Running the evict task with compensationTime 14ms
2026-05-18 22:52:20 INFO  [Eureka-EvictionTimer] c.n.e.r.AbstractInstanceRegistry - Running the evict task with compensationTime 0ms
2026-05-18 22:53:21 INFO  [Eureka-EvictionTimer] c.n.e.r.AbstractInstanceRegistry - Running the evict task with compensationTime 8ms
2026-05-18 22:54:21 INFO  [Eureka-EvictionTimer] c.n.e.r.AbstractInstanceRegistry - Running the evict task with compensationTime 15ms
2026-05-18 22:55:20 INFO  [ReplicaAwareInstanceRegistry - RenewalThresholdUpdater] c.n.e.r.PeerAwareInstanceRegistryImpl - Current renewal threshold is : 10
2026-05-18 22:55:20 WARN  [Eureka-PeerNodesUpdater] c.n.eureka.cluster.PeerEurekaNodes - The replica size seems to be empty. Check the route 53 DNS Registry
2026-05-18 22:55:21 INFO  [Eureka-EvictionTimer] c.n.e.r.AbstractInstanceRegistry - Running the evict task with compensationTime 2ms
2026-05-18 22:56:21 INFO  [Eureka-EvictionTimer] c.n.e.r.AbstractInstanceRegistry - Running the evict task with compensationTime 1ms
2026-05-18 22:57:21 INFO  [Eureka-EvictionTimer] c.n.e.r.AbstractInstanceRegistry - Running the evict task with compensationTime 5ms
2026-05-18 22:58:21 INFO  [Eureka-EvictionTimer] c.n.e.r.AbstractInstanceRegistry - Running the evict task with compensationTime 12ms
2026-05-18 22:59:21 INFO  [Eureka-EvictionTimer] c.n.e.r.AbstractInstanceRegistry - Running the evict task with compensationTime 12ms
2026-05-18 23:00:21 INFO  [Eureka-EvictionTimer] c.n.e.r.AbstractInstanceRegistry - Running the evict task with compensationTime 8ms
2026-05-18 23:01:21 INFO  [Eureka-EvictionTimer] c.n.e.r.AbstractInstanceRegistry - Running the evict task with compensationTime 13ms
2026-05-18 23:02:21 INFO  [Eureka-EvictionTimer] c.n.e.r.AbstractInstanceRegistry - Running the evict task with compensationTime 2ms
2026-05-18 23:03:21 INFO  [Eureka-EvictionTimer] c.n.e.r.AbstractInstanceRegistry - Running the evict task with compensationTime 2ms
2026-05-18 23:04:21 INFO  [Eureka-EvictionTimer] c.n.e.r.AbstractInstanceRegistry - Running the evict task with compensationTime 4ms
2026-05-18 23:05:20 WARN  [Eureka-PeerNodesUpdater] c.n.eureka.cluster.PeerEurekaNodes - The replica size seems to be empty. Check the route 53 DNS Registry
2026-05-18 23:05:21 INFO  [Eureka-EvictionTimer] c.n.e.r.AbstractInstanceRegistry - Running the evict task with compensationTime 13ms
2026-05-18 23:06:21 INFO  [Eureka-EvictionTimer] c.n.e.r.AbstractInstanceRegistry - Running the evict task with compensationTime 11ms
2026-05-18 23:07:21 INFO  [Eureka-EvictionTimer] c.n.e.r.AbstractInstanceRegistry - Running the evict task with compensationTime 9ms
2026-05-18 23:08:21 INFO  [Eureka-EvictionTimer] c.n.e.r.AbstractInstanceRegistry - Running the evict task with compensationTime 3ms
2026-05-18 23:09:21 INFO  [Eureka-EvictionTimer] c.n.e.r.AbstractInstanceRegistry - Running the evict task with compensationTime 2ms
2026-05-18 23:10:20 INFO  [ReplicaAwareInstanceRegistry - RenewalThresholdUpdater] c.n.e.r.PeerAwareInstanceRegistryImpl - Current renewal threshold is : 10
2026-05-18 23:10:21 INFO  [Eureka-EvictionTimer] c.n.e.r.AbstractInstanceRegistry - Running the evict task with compensationTime 11ms
2026-05-18 23:11:21 INFO  [Eureka-EvictionTimer] c.n.e.r.AbstractInstanceRegistry - Running the evict task with compensationTime 6ms
2026-05-18 23:12:21 INFO  [Eureka-EvictionTimer] c.n.e.r.AbstractInstanceRegistry - Running the evict task with compensationTime 1ms
2026-05-18 23:12:35 INFO  [http-nio-8761-exec-4] c.n.e.r.AbstractInstanceRegistry - Registered instance MSPEDIDOS/msPedidos:8082 with status DOWN (replication=false)
2026-05-18 23:12:38 INFO  [http-nio-8761-exec-1] c.n.e.r.AbstractInstanceRegistry - Cancelled instance MSPEDIDOS/msPedidos:8082 (replication=false)
2026-05-18 23:12:41 INFO  [http-nio-8761-exec-3] c.n.e.r.AbstractInstanceRegistry - Registered instance MSPEDIDOS/msPedidos:8082 with status UP (replication=false)
2026-05-18 23:13:21 INFO  [Eureka-EvictionTimer] c.n.e.r.AbstractInstanceRegistry - Running the evict task with compensationTime 13ms
2026-05-18 23:13:46 INFO  [http-nio-8761-exec-2] c.n.e.r.AbstractInstanceRegistry - Registered instance MSPEDIDOS/msPedidos:8082 with status DOWN (replication=false)
2026-05-18 23:13:49 INFO  [http-nio-8761-exec-3] c.n.e.r.AbstractInstanceRegistry - Cancelled instance MSPEDIDOS/msPedidos:8082 (replication=false)
2026-05-18 23:13:51 INFO  [http-nio-8761-exec-7] c.n.e.r.AbstractInstanceRegistry - Registered instance MSPEDIDOS/msPedidos:8082 with status UP (replication=false)
2026-05-18 23:14:21 INFO  [Eureka-EvictionTimer] c.n.e.r.AbstractInstanceRegistry - Running the evict task with compensationTime 12ms
2026-05-18 23:14:36 INFO  [http-nio-8761-exec-2] c.n.e.r.AbstractInstanceRegistry - Registered instance MSPEDIDOS/msPedidos:8082 with status DOWN (replication=false)
2026-05-18 23:14:39 INFO  [http-nio-8761-exec-6] c.n.e.r.AbstractInstanceRegistry - Cancelled instance MSPEDIDOS/msPedidos:8082 (replication=false)
2026-05-18 23:14:41 INFO  [http-nio-8761-exec-10] c.n.e.r.AbstractInstanceRegistry - Registered instance MSPEDIDOS/msPedidos:8082 with status UP (replication=false)
2026-05-18 23:14:44 INFO  [http-nio-8761-exec-7] c.n.e.r.AbstractInstanceRegistry - Registered instance MSPEDIDOS-TEST/msPedidos-test:${server.port} with status UP (replication=false)
2026-05-18 23:14:45 INFO  [http-nio-8761-exec-4] c.n.e.r.AbstractInstanceRegistry - Registered instance MSPEDIDOS-TEST/msPedidos-test:${server.port} with status DOWN (replication=false)
2026-05-18 23:15:15 INFO  [http-nio-8761-exec-1] c.n.e.r.AbstractInstanceRegistry - Registered instance MSPEDIDOS/msPedidos:8082 with status DOWN (replication=false)
2026-05-18 23:15:15 INFO  [http-nio-8761-exec-9] c.n.e.r.AbstractInstanceRegistry - Registered instance MSPEDIDOS/msPedidos:8082 with status DOWN (replication=false)
2026-05-18 23:15:15 INFO  [http-nio-8761-exec-6] c.n.e.r.AbstractInstanceRegistry - Cancelled instance MSPEDIDOS/msPedidos:8082 (replication=false)
2026-05-18 23:15:20 WARN  [Eureka-PeerNodesUpdater] c.n.eureka.cluster.PeerEurekaNodes - The replica size seems to be empty. Check the route 53 DNS Registry
2026-05-18 23:15:21 INFO  [Eureka-EvictionTimer] c.n.e.r.AbstractInstanceRegistry - Running the evict task with compensationTime 8ms
2026-05-18 23:15:41 WARN  [http-nio-8761-exec-6] c.n.e.r.AbstractInstanceRegistry - DS: Registry: lease doesn't exist, registering resource: MSPEDIDOS - msPedidos:8082
2026-05-18 23:15:41 WARN  [http-nio-8761-exec-6] c.n.e.resources.InstanceResource - Not Found (Renew): MSPEDIDOS - msPedidos:8082
2026-05-18 23:15:41 INFO  [http-nio-8761-exec-5] c.n.e.r.AbstractInstanceRegistry - Registered instance MSPEDIDOS/msPedidos:8082 with status UP (replication=false)
2026-05-18 23:16:21 INFO  [Eureka-EvictionTimer] c.n.e.r.AbstractInstanceRegistry - Running the evict task with compensationTime 0ms
2026-05-18 23:17:21 INFO  [Eureka-EvictionTimer] c.n.e.r.AbstractInstanceRegistry - Running the evict task with compensationTime 13ms
2026-05-18 23:18:21 INFO  [Eureka-EvictionTimer] c.n.e.r.AbstractInstanceRegistry - Running the evict task with compensationTime 0ms
2026-05-18 23:19:21 INFO  [Eureka-EvictionTimer] c.n.e.r.AbstractInstanceRegistry - Running the evict task with compensationTime 6ms
2026-05-18 23:20:21 INFO  [Eureka-EvictionTimer] c.n.e.r.AbstractInstanceRegistry - Running the evict task with compensationTime 7ms
2026-05-18 23:21:21 INFO  [Eureka-EvictionTimer] c.n.e.r.AbstractInstanceRegistry - Running the evict task with compensationTime 5ms
2026-05-18 23:22:21 INFO  [Eureka-EvictionTimer] c.n.e.r.AbstractInstanceRegistry - Running the evict task with compensationTime 5ms
2026-05-18 23:23:21 INFO  [Eureka-EvictionTimer] c.n.e.r.AbstractInstanceRegistry - Running the evict task with compensationTime 13ms
2026-05-18 23:24:21 INFO  [Eureka-EvictionTimer] c.n.e.r.AbstractInstanceRegistry - Running the evict task with compensationTime 6ms
2026-05-18 23:25:20 INFO  [ReplicaAwareInstanceRegistry - RenewalThresholdUpdater] c.n.e.r.PeerAwareInstanceRegistryImpl - Current renewal threshold is : 10
2026-05-18 23:25:20 WARN  [Eureka-PeerNodesUpdater] c.n.eureka.cluster.PeerEurekaNodes - The replica size seems to be empty. Check the route 53 DNS Registry
2026-05-18 23:25:21 INFO  [Eureka-EvictionTimer] c.n.e.r.AbstractInstanceRegistry - Running the evict task with compensationTime 6ms
2026-05-18 23:26:21 INFO  [Eureka-EvictionTimer] c.n.e.r.AbstractInstanceRegistry - Running the evict task with compensationTime 12ms
2026-05-18 23:27:21 INFO  [Eureka-EvictionTimer] c.n.e.r.AbstractInstanceRegistry - Running the evict task with compensationTime 1ms
2026-05-18 23:28:21 INFO  [Eureka-EvictionTimer] c.n.e.r.AbstractInstanceRegistry - Running the evict task with compensationTime 7ms
2026-05-18 23:29:21 INFO  [Eureka-EvictionTimer] c.n.e.r.AbstractInstanceRegistry - Running the evict task with compensationTime 12ms
2026-05-18 23:30:21 INFO  [Eureka-EvictionTimer] c.n.e.r.AbstractInstanceRegistry - Running the evict task with compensationTime 13ms
2026-05-18 23:31:21 INFO  [Eureka-EvictionTimer] c.n.e.r.AbstractInstanceRegistry - Running the evict task with compensationTime 14ms
