2026-05-16 00:35:01 INFO  [restartedMain] c.s.I.MsInventarioApplication - Starting MsInventarioApplication using Java 25.0.2 with PID 21184 (C:\Users\Gabrielpc\Documents\GitHub\DESARROLLO-FULLSTACK-III-Evaluaci-n-Parcial-N-2\Backend\smartlogix-parent\Inventario\target\classes started by Gabrielpc in C:\Users\Gabrielpc\Documents\GitHub\DESARROLLO-FULLSTACK-III-Evaluaci-n-Parcial-N-2\Backend\smartlogix-parent\Inventario)
2026-05-16 00:35:01 DEBUG [restartedMain] c.s.I.MsInventarioApplication - Running with Spring Boot v3.3.5, Spring v6.1.14
2026-05-16 00:35:01 INFO  [restartedMain] c.s.I.MsInventarioApplication - No active profile set, falling back to 1 default profile: "default"
2026-05-16 00:35:01 INFO  [restartedMain] o.s.b.d.e.DevToolsPropertyDefaultsPostProcessor - Devtools property defaults active! Set 'spring.devtools.add-properties' to 'false' to disable
2026-05-16 00:35:01 INFO  [restartedMain] o.s.b.d.e.DevToolsPropertyDefaultsPostProcessor - For additional web related logging consider setting the 'logging.level.web' property to 'DEBUG'
2026-05-16 00:35:03 INFO  [restartedMain] o.s.d.r.c.RepositoryConfigurationDelegate - Bootstrapping Spring Data JPA repositories in DEFAULT mode.
2026-05-16 00:35:04 INFO  [restartedMain] o.s.d.r.c.RepositoryConfigurationDelegate - Finished Spring Data repository scanning in 382 ms. Found 2 JPA repository interfaces.
2026-05-16 00:35:07 INFO  [restartedMain] o.s.b.w.e.tomcat.TomcatWebServer - Tomcat initialized with port 8081 (http)
2026-05-16 00:35:07 INFO  [restartedMain] o.a.catalina.core.StandardService - Starting service [Tomcat]
2026-05-16 00:35:07 INFO  [restartedMain] o.a.catalina.core.StandardEngine - Starting Servlet engine: [Apache Tomcat/10.1.31]
2026-05-16 00:35:07 INFO  [restartedMain] o.a.c.c.C.[Tomcat].[localhost].[/] - Initializing Spring embedded WebApplicationContext
2026-05-16 00:35:07 INFO  [restartedMain] o.s.b.w.s.c.ServletWebServerApplicationContext - Root WebApplicationContext: initialization completed in 6485 ms
2026-05-16 00:35:08 INFO  [restartedMain] o.h.jpa.internal.util.LogHelper - HHH000204: Processing PersistenceUnitInfo [name: default]
2026-05-16 00:35:08 INFO  [restartedMain] org.hibernate.Version - HHH000412: Hibernate ORM core version 6.5.3.Final
2026-05-16 00:35:08 INFO  [restartedMain] o.h.c.i.RegionFactoryInitiator - HHH000026: Second-level cache disabled
2026-05-16 00:35:09 INFO  [restartedMain] o.s.o.j.p.SpringPersistenceUnitInfo - No LoadTimeWeaver setup: ignoring JPA class transformer
2026-05-16 00:35:09 INFO  [restartedMain] com.zaxxer.hikari.HikariDataSource - HikariPool-1 - Starting...
2026-05-16 00:35:09 INFO  [restartedMain] com.zaxxer.hikari.pool.HikariPool - HikariPool-1 - Added connection com.mysql.cj.jdbc.ConnectionImpl@463d8c9b
2026-05-16 00:35:09 INFO  [restartedMain] com.zaxxer.hikari.HikariDataSource - HikariPool-1 - Start completed.
2026-05-16 00:35:09 WARN  [restartedMain] org.hibernate.dialect.Dialect - HHH000511: The 5.5.5 version for [org.hibernate.dialect.MySQLDialect] is no longer supported, hence certain features may not work properly. The minimum supported version is 8.0.0. Check the community dialects project for available legacy versions.
2026-05-16 00:35:09 WARN  [restartedMain] org.hibernate.orm.deprecation - HHH90000025: MySQLDialect does not need to be specified explicitly using 'hibernate.dialect' (remove the property setting and it will be selected by default)
2026-05-16 00:35:11 INFO  [restartedMain] o.h.e.t.j.p.i.JtaPlatformInitiator - HHH000489: No JTA platform available (set 'hibernate.transaction.jta.platform' to enable JTA platform integration)
2026-05-16 00:35:11 INFO  [restartedMain] o.s.o.j.LocalContainerEntityManagerFactoryBean - Initialized JPA EntityManagerFactory for persistence unit 'default'
2026-05-16 00:35:12 WARN  [restartedMain] o.s.b.a.o.j.JpaBaseConfiguration$JpaWebConfiguration - spring.jpa.open-in-view is enabled by default. Therefore, database queries may be performed during view rendering. Explicitly configure spring.jpa.open-in-view to disable this warning
2026-05-16 00:35:13 WARN  [restartedMain] o.s.b.d.a.OptionalLiveReloadServer - Unable to start LiveReload server
2026-05-16 00:35:13 INFO  [restartedMain] o.s.b.a.e.web.EndpointLinksResolver - Exposing 2 endpoints beneath base path '/actuator'
2026-05-16 00:35:14 INFO  [restartedMain] o.s.b.w.e.tomcat.TomcatWebServer - Tomcat started on port 8081 (http) with context path '/'
2026-05-16 00:35:14 INFO  [restartedMain] c.s.I.MsInventarioApplication - Started MsInventarioApplication in 15.778 seconds (process running for 16.544)
2026-05-16 00:35:29 INFO  [http-nio-8081-exec-1] o.a.c.c.C.[Tomcat].[localhost].[/] - Initializing Spring DispatcherServlet 'dispatcherServlet'
2026-05-16 00:35:29 INFO  [http-nio-8081-exec-1] o.s.web.servlet.DispatcherServlet - Initializing Servlet 'dispatcherServlet'
2026-05-16 00:35:29 INFO  [http-nio-8081-exec-1] o.s.web.servlet.DispatcherServlet - Completed initialization in 1 ms
2026-05-16 00:35:30 INFO  [http-nio-8081-exec-9] o.s.api.AbstractOpenApiResource - Init duration for springdoc-openapi is: 858 ms
2026-05-16 00:37:15 WARN  [http-nio-8081-exec-8] o.s.w.s.m.m.a.ExceptionHandlerExceptionResolver - Resolved [com.smartlogix.Inventario.exception.ProductoDuplicadoException: Ya existe un producto con el código: string]
2026-05-16 00:37:15 WARN  [http-nio-8081-exec-9] o.s.w.s.m.m.a.ExceptionHandlerExceptionResolver - Resolved [com.smartlogix.Inventario.exception.ProductoDuplicadoException: Ya existe un producto con el código: string]
2026-05-16 00:38:33 WARN  [http-nio-8081-exec-6] o.s.w.s.m.m.a.ExceptionHandlerExceptionResolver - Resolved [com.smartlogix.Inventario.exception.ProductoDuplicadoException: Ya existe un producto con el código: string]
2026-05-16 00:38:35 WARN  [http-nio-8081-exec-7] o.s.w.s.m.m.a.ExceptionHandlerExceptionResolver - Resolved [com.smartlogix.Inventario.exception.ProductoDuplicadoException: Ya existe un producto con el código: string]
2026-05-16 01:18:32 INFO  [restartedMain] c.s.I.MsInventarioApplication - Starting MsInventarioApplication using Java 25.0.2 with PID 11436 (C:\Users\Gabrielpc\Documents\GitHub\DESARROLLO-FULLSTACK-III-Evaluaci-n-Parcial-N-2\Backend\smartlogix-parent\Inventario\target\classes started by Gabrielpc in C:\Users\Gabrielpc\Documents\GitHub\DESARROLLO-FULLSTACK-III-Evaluaci-n-Parcial-N-2\Backend\smartlogix-parent\Inventario)
2026-05-16 01:18:32 DEBUG [restartedMain] c.s.I.MsInventarioApplication - Running with Spring Boot v3.3.5, Spring v6.1.14
2026-05-16 01:18:32 INFO  [restartedMain] c.s.I.MsInventarioApplication - No active profile set, falling back to 1 default profile: "default"
2026-05-16 01:18:32 INFO  [restartedMain] o.s.b.d.e.DevToolsPropertyDefaultsPostProcessor - Devtools property defaults active! Set 'spring.devtools.add-properties' to 'false' to disable
2026-05-16 01:18:32 INFO  [restartedMain] o.s.b.d.e.DevToolsPropertyDefaultsPostProcessor - For additional web related logging consider setting the 'logging.level.web' property to 'DEBUG'
2026-05-16 01:18:34 INFO  [restartedMain] o.s.d.r.c.RepositoryConfigurationDelegate - Bootstrapping Spring Data JPA repositories in DEFAULT mode.
2026-05-16 01:18:34 INFO  [restartedMain] o.s.d.r.c.RepositoryConfigurationDelegate - Finished Spring Data repository scanning in 370 ms. Found 2 JPA repository interfaces.
2026-05-16 01:18:35 INFO  [restartedMain] o.s.cloud.context.scope.GenericScope - BeanFactory id=468398d3-c0c4-359c-bafb-728160869759
2026-05-16 01:18:36 WARN  [restartedMain] o.s.c.s.PostProcessorRegistrationDelegate$BeanPostProcessorChecker - Bean 'org.springframework.cloud.client.loadbalancer.LoadBalancerAutoConfiguration$DeferringLoadBalancerInterceptorConfig' of type [org.springframework.cloud.client.loadbalancer.LoadBalancerAutoConfiguration$DeferringLoadBalancerInterceptorConfig] is not eligible for getting processed by all BeanPostProcessors (for example: not eligible for auto-proxying). The currently created BeanPostProcessor [lbRestClientPostProcessor] is declared through a non-static factory method on that class; consider declaring it as static instead.
2026-05-16 01:18:36 WARN  [restartedMain] o.s.c.s.PostProcessorRegistrationDelegate$BeanPostProcessorChecker - Bean 'deferringLoadBalancerInterceptor' of type [org.springframework.cloud.client.loadbalancer.DeferringLoadBalancerInterceptor] is not eligible for getting processed by all BeanPostProcessors (for example: not eligible for auto-proxying). Is this bean getting eagerly injected/applied to a currently created BeanPostProcessor [lbRestClientPostProcessor]? Check the corresponding BeanPostProcessor declaration and its dependencies/advisors. If this bean does not have to be post-processed, declare it with ROLE_INFRASTRUCTURE.
2026-05-16 01:18:37 INFO  [restartedMain] o.s.b.w.e.tomcat.TomcatWebServer - Tomcat initialized with port 8081 (http)
2026-05-16 01:18:37 INFO  [restartedMain] o.a.catalina.core.StandardService - Starting service [Tomcat]
2026-05-16 01:18:37 INFO  [restartedMain] o.a.catalina.core.StandardEngine - Starting Servlet engine: [Apache Tomcat/10.1.31]
2026-05-16 01:18:37 INFO  [restartedMain] o.a.c.c.C.[Tomcat].[localhost].[/] - Initializing Spring embedded WebApplicationContext
2026-05-16 01:18:37 INFO  [restartedMain] o.s.b.w.s.c.ServletWebServerApplicationContext - Root WebApplicationContext: initialization completed in 4988 ms
2026-05-16 01:18:38 INFO  [restartedMain] o.h.jpa.internal.util.LogHelper - HHH000204: Processing PersistenceUnitInfo [name: default]
2026-05-16 01:18:38 INFO  [restartedMain] org.hibernate.Version - HHH000412: Hibernate ORM core version 6.5.3.Final
2026-05-16 01:18:38 INFO  [restartedMain] o.h.c.i.RegionFactoryInitiator - HHH000026: Second-level cache disabled
2026-05-16 01:18:39 INFO  [restartedMain] o.s.o.j.p.SpringPersistenceUnitInfo - No LoadTimeWeaver setup: ignoring JPA class transformer
2026-05-16 01:18:39 INFO  [restartedMain] com.zaxxer.hikari.HikariDataSource - HikariPool-1 - Starting...
2026-05-16 01:18:39 INFO  [restartedMain] com.zaxxer.hikari.pool.HikariPool - HikariPool-1 - Added connection com.mysql.cj.jdbc.ConnectionImpl@4eea12a2
2026-05-16 01:18:39 INFO  [restartedMain] com.zaxxer.hikari.HikariDataSource - HikariPool-1 - Start completed.
2026-05-16 01:18:39 WARN  [restartedMain] org.hibernate.dialect.Dialect - HHH000511: The 5.5.5 version for [org.hibernate.dialect.MySQLDialect] is no longer supported, hence certain features may not work properly. The minimum supported version is 8.0.0. Check the community dialects project for available legacy versions.
2026-05-16 01:18:39 WARN  [restartedMain] org.hibernate.orm.deprecation - HHH90000025: MySQLDialect does not need to be specified explicitly using 'hibernate.dialect' (remove the property setting and it will be selected by default)
2026-05-16 01:18:40 INFO  [restartedMain] o.h.e.t.j.p.i.JtaPlatformInitiator - HHH000489: No JTA platform available (set 'hibernate.transaction.jta.platform' to enable JTA platform integration)
2026-05-16 01:18:41 INFO  [restartedMain] o.s.o.j.LocalContainerEntityManagerFactoryBean - Initialized JPA EntityManagerFactory for persistence unit 'default'
2026-05-16 01:18:42 WARN  [restartedMain] o.s.b.a.o.j.JpaBaseConfiguration$JpaWebConfiguration - spring.jpa.open-in-view is enabled by default. Therefore, database queries may be performed during view rendering. Explicitly configure spring.jpa.open-in-view to disable this warning
2026-05-16 01:18:44 WARN  [restartedMain] o.s.b.d.a.OptionalLiveReloadServer - Unable to start LiveReload server
2026-05-16 01:18:44 INFO  [restartedMain] o.s.c.n.e.c.DiscoveryClientOptionalArgsConfiguration - Eureka HTTP Client uses RestTemplate.
2026-05-16 01:18:44 WARN  [restartedMain] o.s.c.l.c.LoadBalancerCacheAutoConfiguration$LoadBalancerCaffeineWarnLogger - Spring Cloud LoadBalancer is currently working with the default cache. While this cache implementation is useful for development and tests, it's recommended to use Caffeine cache in production.You can switch to using Caffeine cache, by adding it and org.springframework.cache.caffeine.CaffeineCacheManager to the classpath.
2026-05-16 01:18:44 INFO  [restartedMain] o.s.b.a.e.web.EndpointLinksResolver - Exposing 2 endpoints beneath base path '/actuator'
2026-05-16 01:18:44 INFO  [restartedMain] o.s.c.n.eureka.InstanceInfoFactory - Setting initial instance status as: STARTING
2026-05-16 01:18:44 INFO  [restartedMain] c.netflix.discovery.DiscoveryClient - Initializing Eureka in region us-east-1
2026-05-16 01:18:44 INFO  [restartedMain] c.n.d.s.r.aws.ConfigClusterResolver - Resolving eureka endpoints via configuration
2026-05-16 01:18:44 INFO  [restartedMain] c.netflix.discovery.DiscoveryClient - Disable delta property : false
2026-05-16 01:18:44 INFO  [restartedMain] c.netflix.discovery.DiscoveryClient - Single vip registry refresh property : null
2026-05-16 01:18:44 INFO  [restartedMain] c.netflix.discovery.DiscoveryClient - Force full registry fetch : false
2026-05-16 01:18:44 INFO  [restartedMain] c.netflix.discovery.DiscoveryClient - Application is null : false
2026-05-16 01:18:44 INFO  [restartedMain] c.netflix.discovery.DiscoveryClient - Registered Applications size is zero : true
2026-05-16 01:18:44 INFO  [restartedMain] c.netflix.discovery.DiscoveryClient - Application version is -1: true
2026-05-16 01:18:44 INFO  [restartedMain] c.netflix.discovery.DiscoveryClient - Getting all instance registry info from the eureka server
2026-05-16 01:18:45 INFO  [restartedMain] c.netflix.discovery.DiscoveryClient - The response status is 200
2026-05-16 01:18:45 INFO  [restartedMain] c.netflix.discovery.DiscoveryClient - Starting heartbeat executor: renew interval is: 30
2026-05-16 01:18:45 INFO  [restartedMain] c.n.discovery.InstanceInfoReplicator - InstanceInfoReplicator onDemand update allowed rate per min is 4
2026-05-16 01:18:45 INFO  [restartedMain] c.netflix.discovery.DiscoveryClient - Discovery Client initialized at timestamp 1778908725855 with initial instances count: 3
2026-05-16 01:18:45 INFO  [restartedMain] o.s.c.n.e.s.EurekaServiceRegistry - Registering application MSINVENTARIO with eureka with status UP
2026-05-16 01:18:45 INFO  [restartedMain] c.netflix.discovery.DiscoveryClient - Saw local status change event StatusChangeEvent [timestamp=1778908725868, current=UP, previous=STARTING]
2026-05-16 01:18:45 INFO  [DiscoveryClient-InstanceInfoReplicator-%d] c.netflix.discovery.DiscoveryClient - DiscoveryClient_MSINVENTARIO/msInventario:8081: registering service...
2026-05-16 01:18:45 INFO  [restartedMain] o.s.b.w.e.tomcat.TomcatWebServer - Tomcat started on port 8081 (http) with context path '/'
2026-05-16 01:18:45 INFO  [restartedMain] o.s.c.n.e.s.EurekaAutoServiceRegistration - Updating port to 8081
2026-05-16 01:18:45 INFO  [restartedMain] c.s.I.MsInventarioApplication - Started MsInventarioApplication in 13.991 seconds (process running for 15.906)
2026-05-16 01:18:45 INFO  [DiscoveryClient-InstanceInfoReplicator-%d] c.netflix.discovery.DiscoveryClient - DiscoveryClient_MSINVENTARIO/msInventario:8081 - registration status: 204
2026-05-18 16:06:09 INFO  [restartedMain] c.s.I.MsInventarioApplication - Starting MsInventarioApplication using Java 25.0.2 with PID 8196 (C:\Users\Gabrielpc\Documents\GitHub\DESARROLLO-FULLSTACK-III-Evaluaci-n-Parcial-N-2\Backend\smartlogix-parent\Inventario\target\classes started by Gabrielpc in C:\Users\Gabrielpc\Documents\GitHub\DESARROLLO-FULLSTACK-III-Evaluaci-n-Parcial-N-2\Backend\smartlogix-parent\Inventario)
2026-05-18 16:06:09 DEBUG [restartedMain] c.s.I.MsInventarioApplication - Running with Spring Boot v3.3.5, Spring v6.1.14
2026-05-18 16:06:09 INFO  [restartedMain] c.s.I.MsInventarioApplication - No active profile set, falling back to 1 default profile: "default"
2026-05-18 16:06:09 INFO  [restartedMain] o.s.b.d.e.DevToolsPropertyDefaultsPostProcessor - Devtools property defaults active! Set 'spring.devtools.add-properties' to 'false' to disable
2026-05-18 16:06:09 INFO  [restartedMain] o.s.b.d.e.DevToolsPropertyDefaultsPostProcessor - For additional web related logging consider setting the 'logging.level.web' property to 'DEBUG'
2026-05-18 16:06:11 INFO  [restartedMain] o.s.d.r.c.RepositoryConfigurationDelegate - Bootstrapping Spring Data JPA repositories in DEFAULT mode.
2026-05-18 16:06:11 INFO  [restartedMain] o.s.d.r.c.RepositoryConfigurationDelegate - Finished Spring Data repository scanning in 181 ms. Found 2 JPA repository interfaces.
2026-05-18 16:06:11 INFO  [restartedMain] o.s.cloud.context.scope.GenericScope - BeanFactory id=f88b48c0-10a8-3490-aa83-71dbe9ee89e3
2026-05-18 16:06:12 WARN  [restartedMain] o.s.c.s.PostProcessorRegistrationDelegate$BeanPostProcessorChecker - Bean 'org.springframework.cloud.client.loadbalancer.LoadBalancerAutoConfiguration$DeferringLoadBalancerInterceptorConfig' of type [org.springframework.cloud.client.loadbalancer.LoadBalancerAutoConfiguration$DeferringLoadBalancerInterceptorConfig] is not eligible for getting processed by all BeanPostProcessors (for example: not eligible for auto-proxying). The currently created BeanPostProcessor [lbRestClientPostProcessor] is declared through a non-static factory method on that class; consider declaring it as static instead.
2026-05-18 16:06:12 WARN  [restartedMain] o.s.c.s.PostProcessorRegistrationDelegate$BeanPostProcessorChecker - Bean 'deferringLoadBalancerInterceptor' of type [org.springframework.cloud.client.loadbalancer.DeferringLoadBalancerInterceptor] is not eligible for getting processed by all BeanPostProcessors (for example: not eligible for auto-proxying). Is this bean getting eagerly injected/applied to a currently created BeanPostProcessor [lbRestClientPostProcessor]? Check the corresponding BeanPostProcessor declaration and its dependencies/advisors. If this bean does not have to be post-processed, declare it with ROLE_INFRASTRUCTURE.
2026-05-18 16:06:12 INFO  [restartedMain] o.s.b.w.e.tomcat.TomcatWebServer - Tomcat initialized with port 8081 (http)
2026-05-18 16:06:12 INFO  [restartedMain] o.a.catalina.core.StandardService - Starting service [Tomcat]
2026-05-18 16:06:12 INFO  [restartedMain] o.a.catalina.core.StandardEngine - Starting Servlet engine: [Apache Tomcat/10.1.31]
2026-05-18 16:06:12 INFO  [restartedMain] o.a.c.c.C.[Tomcat].[localhost].[/] - Initializing Spring embedded WebApplicationContext
2026-05-18 16:06:12 INFO  [restartedMain] o.s.b.w.s.c.ServletWebServerApplicationContext - Root WebApplicationContext: initialization completed in 2942 ms
2026-05-18 16:06:13 INFO  [restartedMain] o.h.jpa.internal.util.LogHelper - HHH000204: Processing PersistenceUnitInfo [name: default]
2026-05-18 16:06:13 INFO  [restartedMain] org.hibernate.Version - HHH000412: Hibernate ORM core version 6.5.3.Final
2026-05-18 16:06:13 INFO  [restartedMain] o.h.c.i.RegionFactoryInitiator - HHH000026: Second-level cache disabled
2026-05-18 16:06:13 INFO  [restartedMain] o.s.o.j.p.SpringPersistenceUnitInfo - No LoadTimeWeaver setup: ignoring JPA class transformer
2026-05-18 16:06:13 INFO  [restartedMain] com.zaxxer.hikari.HikariDataSource - HikariPool-1 - Starting...
2026-05-18 16:06:13 INFO  [restartedMain] com.zaxxer.hikari.pool.HikariPool - HikariPool-1 - Added connection com.mysql.cj.jdbc.ConnectionImpl@7a1759
2026-05-18 16:06:13 INFO  [restartedMain] com.zaxxer.hikari.HikariDataSource - HikariPool-1 - Start completed.
2026-05-18 16:06:13 WARN  [restartedMain] org.hibernate.dialect.Dialect - HHH000511: The 5.5.5 version for [org.hibernate.dialect.MySQLDialect] is no longer supported, hence certain features may not work properly. The minimum supported version is 8.0.0. Check the community dialects project for available legacy versions.
2026-05-18 16:06:13 WARN  [restartedMain] org.hibernate.orm.deprecation - HHH90000025: MySQLDialect does not need to be specified explicitly using 'hibernate.dialect' (remove the property setting and it will be selected by default)
2026-05-18 16:06:14 INFO  [restartedMain] o.h.e.t.j.p.i.JtaPlatformInitiator - HHH000489: No JTA platform available (set 'hibernate.transaction.jta.platform' to enable JTA platform integration)
2026-05-18 16:06:14 INFO  [restartedMain] o.s.o.j.LocalContainerEntityManagerFactoryBean - Initialized JPA EntityManagerFactory for persistence unit 'default'
2026-05-18 16:06:15 WARN  [restartedMain] o.s.b.a.o.j.JpaBaseConfiguration$JpaWebConfiguration - spring.jpa.open-in-view is enabled by default. Therefore, database queries may be performed during view rendering. Explicitly configure spring.jpa.open-in-view to disable this warning
2026-05-18 16:06:15 INFO  [restartedMain] o.s.b.a.e.web.EndpointLinksResolver - Exposing 2 endpoints beneath base path '/actuator'
2026-05-18 16:06:16 WARN  [restartedMain] o.s.b.d.a.OptionalLiveReloadServer - Unable to start LiveReload server
2026-05-18 16:06:16 INFO  [restartedMain] o.s.c.n.e.c.DiscoveryClientOptionalArgsConfiguration - Eureka HTTP Client uses RestTemplate.
2026-05-18 16:06:16 WARN  [restartedMain] o.s.c.l.c.LoadBalancerCacheAutoConfiguration$LoadBalancerCaffeineWarnLogger - Spring Cloud LoadBalancer is currently working with the default cache. While this cache implementation is useful for development and tests, it's recommended to use Caffeine cache in production.You can switch to using Caffeine cache, by adding it and org.springframework.cache.caffeine.CaffeineCacheManager to the classpath.
2026-05-18 16:06:16 INFO  [restartedMain] o.s.c.n.eureka.InstanceInfoFactory - Setting initial instance status as: STARTING
2026-05-18 16:06:16 INFO  [restartedMain] c.netflix.discovery.DiscoveryClient - Initializing Eureka in region us-east-1
2026-05-18 16:06:16 INFO  [restartedMain] c.n.d.s.r.aws.ConfigClusterResolver - Resolving eureka endpoints via configuration
2026-05-18 16:06:16 INFO  [restartedMain] c.netflix.discovery.DiscoveryClient - Disable delta property : false
2026-05-18 16:06:16 INFO  [restartedMain] c.netflix.discovery.DiscoveryClient - Single vip registry refresh property : null
2026-05-18 16:06:16 INFO  [restartedMain] c.netflix.discovery.DiscoveryClient - Force full registry fetch : false
2026-05-18 16:06:16 INFO  [restartedMain] c.netflix.discovery.DiscoveryClient - Application is null : false
2026-05-18 16:06:16 INFO  [restartedMain] c.netflix.discovery.DiscoveryClient - Registered Applications size is zero : true
2026-05-18 16:06:16 INFO  [restartedMain] c.netflix.discovery.DiscoveryClient - Application version is -1: true
2026-05-18 16:06:16 INFO  [restartedMain] c.netflix.discovery.DiscoveryClient - Getting all instance registry info from the eureka server
2026-05-18 16:06:16 INFO  [restartedMain] c.netflix.discovery.DiscoveryClient - The response status is 200
2026-05-18 16:06:16 INFO  [restartedMain] c.netflix.discovery.DiscoveryClient - Starting heartbeat executor: renew interval is: 30
2026-05-18 16:06:16 INFO  [restartedMain] c.n.discovery.InstanceInfoReplicator - InstanceInfoReplicator onDemand update allowed rate per min is 4
2026-05-18 16:06:16 INFO  [restartedMain] c.netflix.discovery.DiscoveryClient - Discovery Client initialized at timestamp 1779134776951 with initial instances count: 2
2026-05-18 16:06:16 INFO  [restartedMain] o.s.c.n.e.s.EurekaServiceRegistry - Registering application MSINVENTARIO with eureka with status UP
2026-05-18 16:06:16 INFO  [restartedMain] c.netflix.discovery.DiscoveryClient - Saw local status change event StatusChangeEvent [timestamp=1779134776959, current=UP, previous=STARTING]
2026-05-18 16:06:16 INFO  [DiscoveryClient-InstanceInfoReplicator-%d] c.netflix.discovery.DiscoveryClient - DiscoveryClient_MSINVENTARIO/msInventario:8081: registering service...
2026-05-18 16:06:16 INFO  [restartedMain] o.s.b.w.e.tomcat.TomcatWebServer - Tomcat started on port 8081 (http) with context path '/'
2026-05-18 16:06:16 INFO  [restartedMain] o.s.c.n.e.s.EurekaAutoServiceRegistration - Updating port to 8081
2026-05-18 16:06:16 INFO  [DiscoveryClient-InstanceInfoReplicator-%d] c.netflix.discovery.DiscoveryClient - DiscoveryClient_MSINVENTARIO/msInventario:8081 - registration status: 204
2026-05-18 16:06:17 INFO  [restartedMain] c.s.I.MsInventarioApplication - Started MsInventarioApplication in 7.734 seconds (process running for 8.405)
2026-05-18 16:11:16 INFO  [AsyncResolver-bootstrap-executor-%d] c.n.d.s.r.aws.ConfigClusterResolver - Resolving eureka endpoints via configuration
2026-05-18 16:16:16 INFO  [AsyncResolver-bootstrap-executor-%d] c.n.d.s.r.aws.ConfigClusterResolver - Resolving eureka endpoints via configuration
2026-05-18 16:17:36 INFO  [http-nio-8081-exec-1] o.a.c.c.C.[Tomcat].[localhost].[/] - Initializing Spring DispatcherServlet 'dispatcherServlet'
2026-05-18 16:17:36 INFO  [http-nio-8081-exec-1] o.s.web.servlet.DispatcherServlet - Initializing Servlet 'dispatcherServlet'
2026-05-18 16:17:36 INFO  [http-nio-8081-exec-1] o.s.web.servlet.DispatcherServlet - Completed initialization in 1 ms
2026-05-18 16:21:16 INFO  [AsyncResolver-bootstrap-executor-%d] c.n.d.s.r.aws.ConfigClusterResolver - Resolving eureka endpoints via configuration
2026-05-18 16:26:16 INFO  [AsyncResolver-bootstrap-executor-%d] c.n.d.s.r.aws.ConfigClusterResolver - Resolving eureka endpoints via configuration
2026-05-18 17:32:20 INFO  [restartedMain] c.s.I.MsInventarioApplication - Starting MsInventarioApplication using Java 25.0.2 with PID 13296 (C:\Users\Gabrielpc\Documents\GitHub\DESARROLLO-FULLSTACK-III-Evaluaci-n-Parcial-N-2\Backend\smartlogix-parent\Inventario\target\classes started by Gabrielpc in C:\Users\Gabrielpc\Documents\GitHub\DESARROLLO-FULLSTACK-III-Evaluaci-n-Parcial-N-2\Backend\smartlogix-parent\Inventario)
2026-05-18 17:32:20 DEBUG [restartedMain] c.s.I.MsInventarioApplication - Running with Spring Boot v3.3.5, Spring v6.1.14
2026-05-18 17:32:20 INFO  [restartedMain] c.s.I.MsInventarioApplication - No active profile set, falling back to 1 default profile: "default"
2026-05-18 17:32:20 INFO  [restartedMain] o.s.b.d.e.DevToolsPropertyDefaultsPostProcessor - Devtools property defaults active! Set 'spring.devtools.add-properties' to 'false' to disable
2026-05-18 17:32:20 INFO  [restartedMain] o.s.b.d.e.DevToolsPropertyDefaultsPostProcessor - For additional web related logging consider setting the 'logging.level.web' property to 'DEBUG'
2026-05-18 17:32:31 INFO  [restartedMain] o.s.d.r.c.RepositoryConfigurationDelegate - Bootstrapping Spring Data JPA repositories in DEFAULT mode.
2026-05-18 17:32:32 INFO  [restartedMain] o.s.d.r.c.RepositoryConfigurationDelegate - Finished Spring Data repository scanning in 714 ms. Found 2 JPA repository interfaces.
2026-05-18 17:32:34 INFO  [restartedMain] o.s.cloud.context.scope.GenericScope - BeanFactory id=c47d848e-d0c9-368a-abca-16347f8ca064
2026-05-18 17:32:34 WARN  [restartedMain] o.s.c.s.PostProcessorRegistrationDelegate$BeanPostProcessorChecker - Bean 'org.springframework.cloud.client.loadbalancer.LoadBalancerAutoConfiguration$DeferringLoadBalancerInterceptorConfig' of type [org.springframework.cloud.client.loadbalancer.LoadBalancerAutoConfiguration$DeferringLoadBalancerInterceptorConfig] is not eligible for getting processed by all BeanPostProcessors (for example: not eligible for auto-proxying). The currently created BeanPostProcessor [lbRestClientPostProcessor] is declared through a non-static factory method on that class; consider declaring it as static instead.
2026-05-18 17:32:34 WARN  [restartedMain] o.s.c.s.PostProcessorRegistrationDelegate$BeanPostProcessorChecker - Bean 'deferringLoadBalancerInterceptor' of type [org.springframework.cloud.client.loadbalancer.DeferringLoadBalancerInterceptor] is not eligible for getting processed by all BeanPostProcessors (for example: not eligible for auto-proxying). Is this bean getting eagerly injected/applied to a currently created BeanPostProcessor [lbRestClientPostProcessor]? Check the corresponding BeanPostProcessor declaration and its dependencies/advisors. If this bean does not have to be post-processed, declare it with ROLE_INFRASTRUCTURE.
2026-05-18 17:32:35 INFO  [restartedMain] o.s.b.w.e.tomcat.TomcatWebServer - Tomcat initialized with port 8081 (http)
2026-05-18 17:32:35 INFO  [restartedMain] o.a.catalina.core.StandardService - Starting service [Tomcat]
2026-05-18 17:32:35 INFO  [restartedMain] o.a.catalina.core.StandardEngine - Starting Servlet engine: [Apache Tomcat/10.1.31]
2026-05-18 17:32:35 INFO  [restartedMain] o.a.c.c.C.[Tomcat].[localhost].[/] - Initializing Spring embedded WebApplicationContext
2026-05-18 17:32:35 INFO  [restartedMain] o.s.b.w.s.c.ServletWebServerApplicationContext - Root WebApplicationContext: initialization completed in 15620 ms
2026-05-18 17:32:48 INFO  [restartedMain] o.h.jpa.internal.util.LogHelper - HHH000204: Processing PersistenceUnitInfo [name: default]
2026-05-18 17:32:50 INFO  [restartedMain] org.hibernate.Version - HHH000412: Hibernate ORM core version 6.5.3.Final
2026-05-18 17:32:50 INFO  [restartedMain] o.h.c.i.RegionFactoryInitiator - HHH000026: Second-level cache disabled
2026-05-18 17:32:51 INFO  [restartedMain] o.s.o.j.p.SpringPersistenceUnitInfo - No LoadTimeWeaver setup: ignoring JPA class transformer
2026-05-18 17:32:51 INFO  [restartedMain] com.zaxxer.hikari.HikariDataSource - HikariPool-1 - Starting...
2026-05-18 17:32:52 INFO  [restartedMain] com.zaxxer.hikari.pool.HikariPool - HikariPool-1 - Added connection com.mysql.cj.jdbc.ConnectionImpl@590a6d38
2026-05-18 17:32:52 INFO  [restartedMain] com.zaxxer.hikari.HikariDataSource - HikariPool-1 - Start completed.
2026-05-18 17:32:52 WARN  [restartedMain] org.hibernate.dialect.Dialect - HHH000511: The 5.5.5 version for [org.hibernate.dialect.MySQLDialect] is no longer supported, hence certain features may not work properly. The minimum supported version is 8.0.0. Check the community dialects project for available legacy versions.
2026-05-18 17:32:52 WARN  [restartedMain] org.hibernate.orm.deprecation - HHH90000025: MySQLDialect does not need to be specified explicitly using 'hibernate.dialect' (remove the property setting and it will be selected by default)
2026-05-18 17:32:53 INFO  [restartedMain] o.h.e.t.j.p.i.JtaPlatformInitiator - HHH000489: No JTA platform available (set 'hibernate.transaction.jta.platform' to enable JTA platform integration)
2026-05-18 17:32:54 INFO  [restartedMain] o.s.o.j.LocalContainerEntityManagerFactoryBean - Initialized JPA EntityManagerFactory for persistence unit 'default'
2026-05-18 17:32:54 WARN  [restartedMain] o.s.b.a.o.j.JpaBaseConfiguration$JpaWebConfiguration - spring.jpa.open-in-view is enabled by default. Therefore, database queries may be performed during view rendering. Explicitly configure spring.jpa.open-in-view to disable this warning
2026-05-18 17:32:55 INFO  [restartedMain] o.s.b.a.e.web.EndpointLinksResolver - Exposing 2 endpoints beneath base path '/actuator'
2026-05-18 17:32:57 WARN  [restartedMain] o.s.b.d.a.OptionalLiveReloadServer - Unable to start LiveReload server
2026-05-18 17:32:57 INFO  [restartedMain] o.s.c.n.e.c.DiscoveryClientOptionalArgsConfiguration - Eureka HTTP Client uses RestTemplate.
2026-05-18 17:32:57 WARN  [restartedMain] o.s.c.l.c.LoadBalancerCacheAutoConfiguration$LoadBalancerCaffeineWarnLogger - Spring Cloud LoadBalancer is currently working with the default cache. While this cache implementation is useful for development and tests, it's recommended to use Caffeine cache in production.You can switch to using Caffeine cache, by adding it and org.springframework.cache.caffeine.CaffeineCacheManager to the classpath.
2026-05-18 17:32:57 INFO  [restartedMain] o.s.c.n.eureka.InstanceInfoFactory - Setting initial instance status as: STARTING
2026-05-18 17:32:57 INFO  [restartedMain] c.netflix.discovery.DiscoveryClient - Initializing Eureka in region us-east-1
2026-05-18 17:32:57 INFO  [restartedMain] c.n.d.s.r.aws.ConfigClusterResolver - Resolving eureka endpoints via configuration
2026-05-18 17:32:57 INFO  [restartedMain] c.netflix.discovery.DiscoveryClient - Disable delta property : false
2026-05-18 17:32:57 INFO  [restartedMain] c.netflix.discovery.DiscoveryClient - Single vip registry refresh property : null
2026-05-18 17:32:57 INFO  [restartedMain] c.netflix.discovery.DiscoveryClient - Force full registry fetch : false
2026-05-18 17:32:57 INFO  [restartedMain] c.netflix.discovery.DiscoveryClient - Application is null : false
2026-05-18 17:32:57 INFO  [restartedMain] c.netflix.discovery.DiscoveryClient - Registered Applications size is zero : true
2026-05-18 17:32:57 INFO  [restartedMain] c.netflix.discovery.DiscoveryClient - Application version is -1: true
2026-05-18 17:32:57 INFO  [restartedMain] c.netflix.discovery.DiscoveryClient - Getting all instance registry info from the eureka server
2026-05-18 17:32:58 INFO  [restartedMain] c.netflix.discovery.DiscoveryClient - The response status is 200
2026-05-18 17:32:58 INFO  [restartedMain] c.netflix.discovery.DiscoveryClient - Starting heartbeat executor: renew interval is: 30
2026-05-18 17:32:58 INFO  [restartedMain] c.n.discovery.InstanceInfoReplicator - InstanceInfoReplicator onDemand update allowed rate per min is 4
2026-05-18 17:32:58 INFO  [restartedMain] c.netflix.discovery.DiscoveryClient - Discovery Client initialized at timestamp 1779139978123 with initial instances count: 0
2026-05-18 17:32:58 INFO  [restartedMain] o.s.c.n.e.s.EurekaServiceRegistry - Registering application MSINVENTARIO with eureka with status UP
2026-05-18 17:32:58 INFO  [restartedMain] c.netflix.discovery.DiscoveryClient - Saw local status change event StatusChangeEvent [timestamp=1779139978139, current=UP, previous=STARTING]
2026-05-18 17:32:58 INFO  [DiscoveryClient-InstanceInfoReplicator-%d] c.netflix.discovery.DiscoveryClient - DiscoveryClient_MSINVENTARIO/msInventario:8081: registering service...
2026-05-18 17:32:58 INFO  [restartedMain] o.s.b.w.e.tomcat.TomcatWebServer - Tomcat started on port 8081 (http) with context path '/'
2026-05-18 17:32:58 INFO  [restartedMain] o.s.c.n.e.s.EurekaAutoServiceRegistration - Updating port to 8081
2026-05-18 17:32:58 INFO  [DiscoveryClient-InstanceInfoReplicator-%d] c.netflix.discovery.DiscoveryClient - DiscoveryClient_MSINVENTARIO/msInventario:8081 - registration status: 204
2026-05-18 17:32:58 INFO  [restartedMain] c.s.I.MsInventarioApplication - Started MsInventarioApplication in 43.163 seconds (process running for 45.811)
2026-05-18 17:33:28 INFO  [DiscoveryClient-CacheRefreshExecutor-%d] c.netflix.discovery.DiscoveryClient - Disable delta property : false
2026-05-18 17:33:28 INFO  [DiscoveryClient-CacheRefreshExecutor-%d] c.netflix.discovery.DiscoveryClient - Single vip registry refresh property : null
2026-05-18 17:33:28 INFO  [DiscoveryClient-CacheRefreshExecutor-%d] c.netflix.discovery.DiscoveryClient - Force full registry fetch : false
2026-05-18 17:33:28 INFO  [DiscoveryClient-CacheRefreshExecutor-%d] c.netflix.discovery.DiscoveryClient - Application is null : false
2026-05-18 17:33:28 INFO  [DiscoveryClient-CacheRefreshExecutor-%d] c.netflix.discovery.DiscoveryClient - Registered Applications size is zero : true
2026-05-18 17:33:28 INFO  [DiscoveryClient-CacheRefreshExecutor-%d] c.netflix.discovery.DiscoveryClient - Application version is -1: false
2026-05-18 17:33:28 INFO  [DiscoveryClient-CacheRefreshExecutor-%d] c.netflix.discovery.DiscoveryClient - Getting all instance registry info from the eureka server
2026-05-18 17:33:28 INFO  [DiscoveryClient-CacheRefreshExecutor-%d] c.netflix.discovery.DiscoveryClient - The response status is 200
2026-05-18 17:37:57 INFO  [AsyncResolver-bootstrap-executor-%d] c.n.d.s.r.aws.ConfigClusterResolver - Resolving eureka endpoints via configuration
2026-05-18 17:42:57 INFO  [AsyncResolver-bootstrap-executor-%d] c.n.d.s.r.aws.ConfigClusterResolver - Resolving eureka endpoints via configuration
2026-05-18 17:47:57 INFO  [AsyncResolver-bootstrap-executor-%d] c.n.d.s.r.aws.ConfigClusterResolver - Resolving eureka endpoints via configuration
2026-05-18 17:52:57 INFO  [AsyncResolver-bootstrap-executor-%d] c.n.d.s.r.aws.ConfigClusterResolver - Resolving eureka endpoints via configuration
2026-05-18 17:57:57 INFO  [AsyncResolver-bootstrap-executor-%d] c.n.d.s.r.aws.ConfigClusterResolver - Resolving eureka endpoints via configuration
2026-05-18 17:58:15 INFO  [File Watcher] o.s.b.d.a.LocalDevToolsAutoConfiguration$RestartingClassPathChangeChangedEventListener - Restarting due to 17 class path changes (0 additions, 17 deletions, 0 modifications)
2026-05-18 17:58:15 INFO  [Thread-1] o.s.c.n.e.s.EurekaServiceRegistry - Unregistering application MSINVENTARIO with eureka with status DOWN
2026-05-18 17:58:15 INFO  [Thread-1] c.netflix.discovery.DiscoveryClient - Saw local status change event StatusChangeEvent [timestamp=1779141495850, current=DOWN, previous=UP]
2026-05-18 17:58:15 INFO  [DiscoveryClient-InstanceInfoReplicator-%d] c.netflix.discovery.DiscoveryClient - DiscoveryClient_MSINVENTARIO/msInventario:8081: registering service...
2026-05-18 17:58:16 INFO  [DiscoveryClient-InstanceInfoReplicator-%d] c.netflix.discovery.DiscoveryClient - DiscoveryClient_MSINVENTARIO/msInventario:8081 - registration status: 204
2026-05-18 17:58:16 INFO  [Thread-1] o.s.o.j.LocalContainerEntityManagerFactoryBean - Closing JPA EntityManagerFactory for persistence unit 'default'
2026-05-18 17:58:16 INFO  [Thread-1] com.zaxxer.hikari.HikariDataSource - HikariPool-1 - Shutdown initiated...
2026-05-18 17:58:16 INFO  [Thread-1] com.zaxxer.hikari.HikariDataSource - HikariPool-1 - Shutdown completed.
2026-05-18 17:58:16 INFO  [Thread-1] c.netflix.discovery.DiscoveryClient - Shutting down DiscoveryClient ...
2026-05-18 17:58:19 INFO  [Thread-1] c.netflix.discovery.DiscoveryClient - Unregistering ...
2026-05-18 17:58:19 INFO  [Thread-1] c.netflix.discovery.DiscoveryClient - DiscoveryClient_MSINVENTARIO/msInventario:8081 - deregister  status: 200
2026-05-18 17:58:19 INFO  [Thread-1] c.netflix.discovery.DiscoveryClient - Completed shut down of DiscoveryClient
2026-05-18 17:58:20 INFO  [restartedMain] c.s.I.MsInventarioApplication - Starting MsInventarioApplication using Java 25.0.2 with PID 13296 (C:\Users\Gabrielpc\Documents\GitHub\DESARROLLO-FULLSTACK-III-Evaluaci-n-Parcial-N-2\Backend\smartlogix-parent\Inventario\target\classes started by Gabrielpc in C:\Users\Gabrielpc\Documents\GitHub\DESARROLLO-FULLSTACK-III-Evaluaci-n-Parcial-N-2\Backend\smartlogix-parent\Inventario)
2026-05-18 17:58:20 DEBUG [restartedMain] c.s.I.MsInventarioApplication - Running with Spring Boot v3.3.5, Spring v6.1.14
2026-05-18 17:58:20 INFO  [restartedMain] c.s.I.MsInventarioApplication - No active profile set, falling back to 1 default profile: "default"
2026-05-18 17:58:23 INFO  [restartedMain] o.s.d.r.c.RepositoryConfigurationDelegate - Bootstrapping Spring Data JPA repositories in DEFAULT mode.
2026-05-18 17:58:24 INFO  [restartedMain] o.s.d.r.c.RepositoryConfigurationDelegate - Finished Spring Data repository scanning in 207 ms. Found 2 JPA repository interfaces.
2026-05-18 17:58:24 INFO  [restartedMain] o.s.cloud.context.scope.GenericScope - BeanFactory id=eb785719-479e-390b-b58c-b8bf273ff9ad
2026-05-18 17:58:25 WARN  [restartedMain] o.s.c.s.PostProcessorRegistrationDelegate$BeanPostProcessorChecker - Bean 'org.springframework.cloud.client.loadbalancer.LoadBalancerAutoConfiguration$DeferringLoadBalancerInterceptorConfig' of type [org.springframework.cloud.client.loadbalancer.LoadBalancerAutoConfiguration$DeferringLoadBalancerInterceptorConfig] is not eligible for getting processed by all BeanPostProcessors (for example: not eligible for auto-proxying). The currently created BeanPostProcessor [lbRestClientPostProcessor] is declared through a non-static factory method on that class; consider declaring it as static instead.
2026-05-18 17:58:25 WARN  [restartedMain] o.s.c.s.PostProcessorRegistrationDelegate$BeanPostProcessorChecker - Bean 'deferringLoadBalancerInterceptor' of type [org.springframework.cloud.client.loadbalancer.DeferringLoadBalancerInterceptor] is not eligible for getting processed by all BeanPostProcessors (for example: not eligible for auto-proxying). Is this bean getting eagerly injected/applied to a currently created BeanPostProcessor [lbRestClientPostProcessor]? Check the corresponding BeanPostProcessor declaration and its dependencies/advisors. If this bean does not have to be post-processed, declare it with ROLE_INFRASTRUCTURE.
2026-05-18 17:58:25 INFO  [restartedMain] o.s.b.w.e.tomcat.TomcatWebServer - Tomcat initialized with port 8081 (http)
2026-05-18 17:58:25 INFO  [restartedMain] o.a.catalina.core.StandardService - Starting service [Tomcat]
2026-05-18 17:58:25 INFO  [restartedMain] o.a.catalina.core.StandardEngine - Starting Servlet engine: [Apache Tomcat/10.1.31]
2026-05-18 17:58:25 INFO  [restartedMain] o.a.c.c.C.[Tomcat].[localhost].[/] - Initializing Spring embedded WebApplicationContext
2026-05-18 17:58:25 INFO  [restartedMain] o.s.b.w.s.c.ServletWebServerApplicationContext - Root WebApplicationContext: initialization completed in 5024 ms
2026-05-18 17:58:31 INFO  [restartedMain] o.h.jpa.internal.util.LogHelper - HHH000204: Processing PersistenceUnitInfo [name: default]
2026-05-18 17:58:31 INFO  [restartedMain] o.h.c.i.RegionFactoryInitiator - HHH000026: Second-level cache disabled
2026-05-18 17:58:31 INFO  [restartedMain] o.s.o.j.p.SpringPersistenceUnitInfo - No LoadTimeWeaver setup: ignoring JPA class transformer
2026-05-18 17:58:31 INFO  [restartedMain] com.zaxxer.hikari.HikariDataSource - HikariPool-2 - Starting...
2026-05-18 17:58:31 INFO  [restartedMain] com.zaxxer.hikari.pool.HikariPool - HikariPool-2 - Added connection com.mysql.cj.jdbc.ConnectionImpl@48ba0cb4
2026-05-18 17:58:31 INFO  [restartedMain] com.zaxxer.hikari.HikariDataSource - HikariPool-2 - Start completed.
2026-05-18 17:58:31 WARN  [restartedMain] org.hibernate.dialect.Dialect - HHH000511: The 5.5.5 version for [org.hibernate.dialect.MySQLDialect] is no longer supported, hence certain features may not work properly. The minimum supported version is 8.0.0. Check the community dialects project for available legacy versions.
2026-05-18 17:58:31 WARN  [restartedMain] org.hibernate.orm.deprecation - HHH90000025: MySQLDialect does not need to be specified explicitly using 'hibernate.dialect' (remove the property setting and it will be selected by default)
2026-05-18 17:58:31 INFO  [restartedMain] o.h.e.t.j.p.i.JtaPlatformInitiator - HHH000489: No JTA platform available (set 'hibernate.transaction.jta.platform' to enable JTA platform integration)
2026-05-18 17:58:31 INFO  [restartedMain] o.s.o.j.LocalContainerEntityManagerFactoryBean - Initialized JPA EntityManagerFactory for persistence unit 'default'
2026-05-18 17:58:32 WARN  [restartedMain] o.s.b.a.o.j.JpaBaseConfiguration$JpaWebConfiguration - spring.jpa.open-in-view is enabled by default. Therefore, database queries may be performed during view rendering. Explicitly configure spring.jpa.open-in-view to disable this warning
2026-05-18 17:58:34 INFO  [restartedMain] o.s.b.a.e.web.EndpointLinksResolver - Exposing 2 endpoints beneath base path '/actuator'
2026-05-18 17:58:34 WARN  [restartedMain] o.s.b.d.a.OptionalLiveReloadServer - Unable to start LiveReload server
2026-05-18 17:58:34 INFO  [restartedMain] o.s.c.n.e.c.DiscoveryClientOptionalArgsConfiguration - Eureka HTTP Client uses RestTemplate.
2026-05-18 17:58:34 WARN  [restartedMain] o.s.c.l.c.LoadBalancerCacheAutoConfiguration$LoadBalancerCaffeineWarnLogger - Spring Cloud LoadBalancer is currently working with the default cache. While this cache implementation is useful for development and tests, it's recommended to use Caffeine cache in production.You can switch to using Caffeine cache, by adding it and org.springframework.cache.caffeine.CaffeineCacheManager to the classpath.
2026-05-18 17:58:34 INFO  [restartedMain] o.s.c.n.eureka.InstanceInfoFactory - Setting initial instance status as: STARTING
2026-05-18 17:58:34 INFO  [restartedMain] c.netflix.discovery.DiscoveryClient - Initializing Eureka in region us-east-1
2026-05-18 17:58:34 INFO  [restartedMain] c.n.d.s.r.aws.ConfigClusterResolver - Resolving eureka endpoints via configuration
2026-05-18 17:58:34 INFO  [restartedMain] c.netflix.discovery.DiscoveryClient - Disable delta property : false
2026-05-18 17:58:34 INFO  [restartedMain] c.netflix.discovery.DiscoveryClient - Single vip registry refresh property : null
2026-05-18 17:58:34 INFO  [restartedMain] c.netflix.discovery.DiscoveryClient - Force full registry fetch : false
2026-05-18 17:58:34 INFO  [restartedMain] c.netflix.discovery.DiscoveryClient - Application is null : false
2026-05-18 17:58:34 INFO  [restartedMain] c.netflix.discovery.DiscoveryClient - Registered Applications size is zero : true
2026-05-18 17:58:34 INFO  [restartedMain] c.netflix.discovery.DiscoveryClient - Application version is -1: true
2026-05-18 17:58:34 INFO  [restartedMain] c.netflix.discovery.DiscoveryClient - Getting all instance registry info from the eureka server
2026-05-18 17:58:35 INFO  [restartedMain] c.netflix.discovery.DiscoveryClient - The response status is 200
2026-05-18 17:58:35 INFO  [restartedMain] c.netflix.discovery.DiscoveryClient - Starting heartbeat executor: renew interval is: 30
2026-05-18 17:58:35 INFO  [restartedMain] c.n.discovery.InstanceInfoReplicator - InstanceInfoReplicator onDemand update allowed rate per min is 4
2026-05-18 17:58:35 INFO  [restartedMain] c.netflix.discovery.DiscoveryClient - Discovery Client initialized at timestamp 1779141515515 with initial instances count: 2
2026-05-18 17:58:35 INFO  [restartedMain] o.s.c.n.e.s.EurekaServiceRegistry - Registering application MSINVENTARIO with eureka with status UP
2026-05-18 17:58:35 INFO  [restartedMain] c.netflix.discovery.DiscoveryClient - Saw local status change event StatusChangeEvent [timestamp=1779141515532, current=UP, previous=STARTING]
2026-05-18 17:58:35 INFO  [DiscoveryClient-InstanceInfoReplicator-%d] c.netflix.discovery.DiscoveryClient - DiscoveryClient_MSINVENTARIO/msInventario:8081: registering service...
2026-05-18 17:58:35 INFO  [restartedMain] o.s.b.w.e.tomcat.TomcatWebServer - Tomcat started on port 8081 (http) with context path '/'
2026-05-18 17:58:35 INFO  [restartedMain] o.s.c.n.e.s.EurekaAutoServiceRegistration - Updating port to 8081
2026-05-18 17:58:35 INFO  [DiscoveryClient-InstanceInfoReplicator-%d] c.netflix.discovery.DiscoveryClient - DiscoveryClient_MSINVENTARIO/msInventario:8081 - registration status: 204
2026-05-18 17:58:35 INFO  [restartedMain] c.s.I.MsInventarioApplication - Started MsInventarioApplication in 15.809 seconds (process running for 1583.171)
2026-05-18 17:58:35 INFO  [restartedMain] o.s.b.d.a.ConditionEvaluationDeltaLoggingListener - Condition evaluation delta:


==========================
CONDITION EVALUATION DELTA
==========================


Positive matches:
-----------------

   OAuth2ResourceServerJwtConfiguration.OAuth2SecurityFilterChainConfiguration matched:
      - AllNestedConditions 2 matched 0 did not; NestedCondition on DefaultWebSecurityCondition.Beans @ConditionalOnMissingBean (types: org.springframework.security.web.SecurityFilterChain; SearchStrategy: all) did not find any beans; NestedCondition on DefaultWebSecurityCondition.Classes @ConditionalOnClass found required classes 'org.springframework.security.web.SecurityFilterChain', 'org.springframework.security.config.annotation.web.builders.HttpSecurity' (DefaultWebSecurityCondition)

   OAuth2ResourceServerJwtConfiguration.OAuth2SecurityFilterChainConfiguration#jwtSecurityFilterChain matched:
      - @ConditionalOnBean (types: org.springframework.security.oauth2.jwt.JwtDecoder; SearchStrategy: all) found bean 'jwtDecoderByJwkKeySetUri' (OnBeanCondition)

   SpringBootWebSecurityConfiguration.WebSecurityEnablerConfiguration matched:
      - @ConditionalOnClass found required class 'org.springframework.security.config.annotation.web.configuration.EnableWebSecurity' (OnClassCondition)
      - @ConditionalOnMissingBean (names: springSecurityFilterChain; SearchStrategy: all) did not find any beans (OnBeanCondition)


Negative matches:
-----------------

    None


Exclusions:
-----------

    None


Unconditional classes:
----------------------

    None



2026-05-18 17:58:35 INFO  [File Watcher] o.s.b.d.a.LocalDevToolsAutoConfiguration$RestartingClassPathChangeChangedEventListener - Restarting due to 17 class path changes (17 additions, 0 deletions, 0 modifications)
2026-05-18 17:58:35 INFO  [Thread-7] o.s.c.n.e.s.EurekaServiceRegistry - Unregistering application MSINVENTARIO with eureka with status DOWN
2026-05-18 17:58:35 INFO  [Thread-7] c.netflix.discovery.DiscoveryClient - Saw local status change event StatusChangeEvent [timestamp=1779141515921, current=DOWN, previous=UP]
2026-05-18 17:58:35 INFO  [DiscoveryClient-InstanceInfoReplicator-%d] c.netflix.discovery.DiscoveryClient - DiscoveryClient_MSINVENTARIO/msInventario:8081: registering service...
2026-05-18 17:58:35 INFO  [DiscoveryClient-InstanceInfoReplicator-%d] c.netflix.discovery.DiscoveryClient - DiscoveryClient_MSINVENTARIO/msInventario:8081 - registration status: 204
2026-05-18 17:58:36 INFO  [Thread-7] o.s.o.j.LocalContainerEntityManagerFactoryBean - Closing JPA EntityManagerFactory for persistence unit 'default'
2026-05-18 17:58:36 INFO  [Thread-7] com.zaxxer.hikari.HikariDataSource - HikariPool-2 - Shutdown initiated...
2026-05-18 17:58:36 INFO  [Thread-7] com.zaxxer.hikari.HikariDataSource - HikariPool-2 - Shutdown completed.
2026-05-18 17:58:36 INFO  [Thread-7] c.netflix.discovery.DiscoveryClient - Shutting down DiscoveryClient ...
2026-05-18 17:58:39 INFO  [Thread-7] c.netflix.discovery.DiscoveryClient - Unregistering ...
2026-05-18 17:58:39 INFO  [Thread-7] c.netflix.discovery.DiscoveryClient - DiscoveryClient_MSINVENTARIO/msInventario:8081 - deregister  status: 200
2026-05-18 17:58:39 INFO  [Thread-7] c.netflix.discovery.DiscoveryClient - Completed shut down of DiscoveryClient
2026-05-18 17:58:39 INFO  [restartedMain] c.s.I.MsInventarioApplication - Starting MsInventarioApplication using Java 25.0.2 with PID 13296 (C:\Users\Gabrielpc\Documents\GitHub\DESARROLLO-FULLSTACK-III-Evaluaci-n-Parcial-N-2\Backend\smartlogix-parent\Inventario\target\classes started by Gabrielpc in C:\Users\Gabrielpc\Documents\GitHub\DESARROLLO-FULLSTACK-III-Evaluaci-n-Parcial-N-2\Backend\smartlogix-parent\Inventario)
2026-05-18 17:58:39 DEBUG [restartedMain] c.s.I.MsInventarioApplication - Running with Spring Boot v3.3.5, Spring v6.1.14
2026-05-18 17:58:39 INFO  [restartedMain] c.s.I.MsInventarioApplication - No active profile set, falling back to 1 default profile: "default"
2026-05-18 17:58:40 INFO  [restartedMain] c.s.I.MsInventarioApplication - Starting MsInventarioApplication using Java 25.0.2 with PID 20948 (C:\Users\Gabrielpc\Documents\GitHub\DESARROLLO-FULLSTACK-III-Evaluaci-n-Parcial-N-2\Backend\smartlogix-parent\Inventario\target\classes started by Gabrielpc in C:\Users\Gabrielpc\Documents\GitHub\DESARROLLO-FULLSTACK-III-Evaluaci-n-Parcial-N-2\Backend\smartlogix-parent\Inventario)
2026-05-18 17:58:40 DEBUG [restartedMain] c.s.I.MsInventarioApplication - Running with Spring Boot v3.3.5, Spring v6.1.14
2026-05-18 17:58:40 INFO  [restartedMain] c.s.I.MsInventarioApplication - No active profile set, falling back to 1 default profile: "default"
2026-05-18 17:58:40 INFO  [restartedMain] o.s.b.d.e.DevToolsPropertyDefaultsPostProcessor - Devtools property defaults active! Set 'spring.devtools.add-properties' to 'false' to disable
2026-05-18 17:58:40 INFO  [restartedMain] o.s.b.d.e.DevToolsPropertyDefaultsPostProcessor - For additional web related logging consider setting the 'logging.level.web' property to 'DEBUG'
2026-05-18 17:58:41 INFO  [restartedMain] o.s.d.r.c.RepositoryConfigurationDelegate - Bootstrapping Spring Data JPA repositories in DEFAULT mode.
2026-05-18 17:58:41 INFO  [restartedMain] o.s.d.r.c.RepositoryConfigurationDelegate - Finished Spring Data repository scanning in 21 ms. Found 2 JPA repository interfaces.
2026-05-18 17:58:41 INFO  [restartedMain] o.s.cloud.context.scope.GenericScope - BeanFactory id=c47d848e-d0c9-368a-abca-16347f8ca064
2026-05-18 17:58:41 WARN  [restartedMain] o.s.c.s.PostProcessorRegistrationDelegate$BeanPostProcessorChecker - Bean 'org.springframework.cloud.client.loadbalancer.LoadBalancerAutoConfiguration$DeferringLoadBalancerInterceptorConfig' of type [org.springframework.cloud.client.loadbalancer.LoadBalancerAutoConfiguration$DeferringLoadBalancerInterceptorConfig] is not eligible for getting processed by all BeanPostProcessors (for example: not eligible for auto-proxying). The currently created BeanPostProcessor [lbRestClientPostProcessor] is declared through a non-static factory method on that class; consider declaring it as static instead.
2026-05-18 17:58:41 WARN  [restartedMain] o.s.c.s.PostProcessorRegistrationDelegate$BeanPostProcessorChecker - Bean 'deferringLoadBalancerInterceptor' of type [org.springframework.cloud.client.loadbalancer.DeferringLoadBalancerInterceptor] is not eligible for getting processed by all BeanPostProcessors (for example: not eligible for auto-proxying). Is this bean getting eagerly injected/applied to a currently created BeanPostProcessor [lbRestClientPostProcessor]? Check the corresponding BeanPostProcessor declaration and its dependencies/advisors. If this bean does not have to be post-processed, declare it with ROLE_INFRASTRUCTURE.
2026-05-18 17:58:41 INFO  [restartedMain] o.s.b.w.e.tomcat.TomcatWebServer - Tomcat initialized with port 8081 (http)
2026-05-18 17:58:41 INFO  [restartedMain] o.a.catalina.core.StandardService - Starting service [Tomcat]
2026-05-18 17:58:41 INFO  [restartedMain] o.a.catalina.core.StandardEngine - Starting Servlet engine: [Apache Tomcat/10.1.31]
2026-05-18 17:58:41 INFO  [restartedMain] o.a.c.c.C.[Tomcat].[localhost].[/] - Initializing Spring embedded WebApplicationContext
2026-05-18 17:58:41 INFO  [restartedMain] o.s.b.w.s.c.ServletWebServerApplicationContext - Root WebApplicationContext: initialization completed in 2022 ms
2026-05-18 17:58:42 INFO  [restartedMain] o.h.jpa.internal.util.LogHelper - HHH000204: Processing PersistenceUnitInfo [name: default]
2026-05-18 17:58:42 INFO  [restartedMain] o.h.c.i.RegionFactoryInitiator - HHH000026: Second-level cache disabled
2026-05-18 17:58:49 INFO  [restartedMain] o.s.d.r.c.RepositoryConfigurationDelegate - Bootstrapping Spring Data JPA repositories in DEFAULT mode.
2026-05-18 17:58:49 INFO  [restartedMain] o.s.d.r.c.RepositoryConfigurationDelegate - Finished Spring Data repository scanning in 702 ms. Found 2 JPA repository interfaces.
2026-05-18 17:58:50 INFO  [restartedMain] o.s.cloud.context.scope.GenericScope - BeanFactory id=c47d848e-d0c9-368a-abca-16347f8ca064
2026-05-18 17:58:51 WARN  [restartedMain] o.s.c.s.PostProcessorRegistrationDelegate$BeanPostProcessorChecker - Bean 'org.springframework.cloud.client.loadbalancer.LoadBalancerAutoConfiguration$DeferringLoadBalancerInterceptorConfig' of type [org.springframework.cloud.client.loadbalancer.LoadBalancerAutoConfiguration$DeferringLoadBalancerInterceptorConfig] is not eligible for getting processed by all BeanPostProcessors (for example: not eligible for auto-proxying). The currently created BeanPostProcessor [lbRestClientPostProcessor] is declared through a non-static factory method on that class; consider declaring it as static instead.
2026-05-18 17:58:51 WARN  [restartedMain] o.s.c.s.PostProcessorRegistrationDelegate$BeanPostProcessorChecker - Bean 'deferringLoadBalancerInterceptor' of type [org.springframework.cloud.client.loadbalancer.DeferringLoadBalancerInterceptor] is not eligible for getting processed by all BeanPostProcessors (for example: not eligible for auto-proxying). Is this bean getting eagerly injected/applied to a currently created BeanPostProcessor [lbRestClientPostProcessor]? Check the corresponding BeanPostProcessor declaration and its dependencies/advisors. If this bean does not have to be post-processed, declare it with ROLE_INFRASTRUCTURE.
2026-05-18 17:58:54 INFO  [restartedMain] o.s.b.w.e.tomcat.TomcatWebServer - Tomcat initialized with port 8081 (http)
2026-05-18 17:58:54 INFO  [restartedMain] o.a.catalina.core.StandardService - Starting service [Tomcat]
2026-05-18 17:58:54 INFO  [restartedMain] o.a.catalina.core.StandardEngine - Starting Servlet engine: [Apache Tomcat/10.1.31]
2026-05-18 17:58:54 INFO  [restartedMain] o.a.c.c.C.[Tomcat].[localhost].[/] - Initializing Spring embedded WebApplicationContext
2026-05-18 17:58:54 INFO  [restartedMain] o.s.b.w.s.c.ServletWebServerApplicationContext - Root WebApplicationContext: initialization completed in 13318 ms
2026-05-18 17:58:58 INFO  [restartedMain] o.s.o.j.p.SpringPersistenceUnitInfo - No LoadTimeWeaver setup: ignoring JPA class transformer
2026-05-18 17:58:58 INFO  [restartedMain] com.zaxxer.hikari.HikariDataSource - HikariPool-3 - Starting...
2026-05-18 17:58:58 INFO  [restartedMain] com.zaxxer.hikari.pool.HikariPool - HikariPool-3 - Added connection com.mysql.cj.jdbc.ConnectionImpl@36a97082
2026-05-18 17:58:58 INFO  [restartedMain] com.zaxxer.hikari.HikariDataSource - HikariPool-3 - Start completed.
2026-05-18 17:58:58 WARN  [restartedMain] org.hibernate.dialect.Dialect - HHH000511: The 5.5.5 version for [org.hibernate.dialect.MySQLDialect] is no longer supported, hence certain features may not work properly. The minimum supported version is 8.0.0. Check the community dialects project for available legacy versions.
2026-05-18 17:58:58 WARN  [restartedMain] org.hibernate.orm.deprecation - HHH90000025: MySQLDialect does not need to be specified explicitly using 'hibernate.dialect' (remove the property setting and it will be selected by default)
2026-05-18 17:58:59 INFO  [restartedMain] o.h.e.t.j.p.i.JtaPlatformInitiator - HHH000489: No JTA platform available (set 'hibernate.transaction.jta.platform' to enable JTA platform integration)
2026-05-18 17:58:59 INFO  [restartedMain] o.s.o.j.LocalContainerEntityManagerFactoryBean - Initialized JPA EntityManagerFactory for persistence unit 'default'
2026-05-18 17:58:59 WARN  [restartedMain] o.s.b.a.o.j.JpaBaseConfiguration$JpaWebConfiguration - spring.jpa.open-in-view is enabled by default. Therefore, database queries may be performed during view rendering. Explicitly configure spring.jpa.open-in-view to disable this warning
2026-05-18 17:59:00 INFO  [restartedMain] o.s.b.a.e.web.EndpointLinksResolver - Exposing 2 endpoints beneath base path '/actuator'
2026-05-18 17:59:00 WARN  [restartedMain] o.s.b.d.a.OptionalLiveReloadServer - Unable to start LiveReload server
2026-05-18 17:59:00 INFO  [restartedMain] o.s.c.n.e.c.DiscoveryClientOptionalArgsConfiguration - Eureka HTTP Client uses RestTemplate.
2026-05-18 17:59:00 WARN  [restartedMain] o.s.c.l.c.LoadBalancerCacheAutoConfiguration$LoadBalancerCaffeineWarnLogger - Spring Cloud LoadBalancer is currently working with the default cache. While this cache implementation is useful for development and tests, it's recommended to use Caffeine cache in production.You can switch to using Caffeine cache, by adding it and org.springframework.cache.caffeine.CaffeineCacheManager to the classpath.
2026-05-18 17:59:00 INFO  [restartedMain] o.s.c.n.eureka.InstanceInfoFactory - Setting initial instance status as: STARTING
2026-05-18 17:59:00 INFO  [restartedMain] c.netflix.discovery.DiscoveryClient - Initializing Eureka in region us-east-1
2026-05-18 17:59:00 INFO  [restartedMain] c.n.d.s.r.aws.ConfigClusterResolver - Resolving eureka endpoints via configuration
2026-05-18 17:59:00 INFO  [restartedMain] c.netflix.discovery.DiscoveryClient - Disable delta property : false
2026-05-18 17:59:00 INFO  [restartedMain] c.netflix.discovery.DiscoveryClient - Single vip registry refresh property : null
2026-05-18 17:59:00 INFO  [restartedMain] c.netflix.discovery.DiscoveryClient - Force full registry fetch : false
2026-05-18 17:59:00 INFO  [restartedMain] c.netflix.discovery.DiscoveryClient - Application is null : false
2026-05-18 17:59:00 INFO  [restartedMain] c.netflix.discovery.DiscoveryClient - Registered Applications size is zero : true
2026-05-18 17:59:00 INFO  [restartedMain] c.netflix.discovery.DiscoveryClient - Application version is -1: true
2026-05-18 17:59:00 INFO  [restartedMain] c.netflix.discovery.DiscoveryClient - Getting all instance registry info from the eureka server
2026-05-18 17:59:00 INFO  [restartedMain] c.netflix.discovery.DiscoveryClient - The response status is 200
2026-05-18 17:59:00 INFO  [restartedMain] c.netflix.discovery.DiscoveryClient - Starting heartbeat executor: renew interval is: 30
2026-05-18 17:59:00 INFO  [restartedMain] c.n.discovery.InstanceInfoReplicator - InstanceInfoReplicator onDemand update allowed rate per min is 4
2026-05-18 17:59:00 INFO  [restartedMain] c.netflix.discovery.DiscoveryClient - Discovery Client initialized at timestamp 1779141540865 with initial instances count: 3
2026-05-18 17:59:00 INFO  [restartedMain] o.s.c.n.e.s.EurekaServiceRegistry - Registering application MSINVENTARIO with eureka with status UP
2026-05-18 17:59:00 INFO  [restartedMain] c.netflix.discovery.DiscoveryClient - Saw local status change event StatusChangeEvent [timestamp=1779141540871, current=UP, previous=STARTING]
2026-05-18 17:59:00 INFO  [DiscoveryClient-InstanceInfoReplicator-%d] c.netflix.discovery.DiscoveryClient - DiscoveryClient_MSINVENTARIO/msInventario:8081: registering service...
2026-05-18 17:59:00 INFO  [restartedMain] o.s.b.w.e.tomcat.TomcatWebServer - Tomcat started on port 8081 (http) with context path '/'
2026-05-18 17:59:00 INFO  [restartedMain] o.s.c.n.e.s.EurekaAutoServiceRegistration - Updating port to 8081
2026-05-18 17:59:00 INFO  [DiscoveryClient-InstanceInfoReplicator-%d] c.netflix.discovery.DiscoveryClient - DiscoveryClient_MSINVENTARIO/msInventario:8081 - registration status: 204
2026-05-18 17:59:00 INFO  [restartedMain] c.s.I.MsInventarioApplication - Started MsInventarioApplication in 21.551 seconds (process running for 1608.43)
2026-05-18 17:59:00 INFO  [restartedMain] o.s.b.d.a.ConditionEvaluationDeltaLoggingListener - Condition evaluation delta:


==========================
CONDITION EVALUATION DELTA
==========================


Positive matches:
-----------------

    None


Negative matches:
-----------------

   OAuth2ResourceServerJwtConfiguration.OAuth2SecurityFilterChainConfiguration:
      Did not match:
         - AllNestedConditions 1 matched 1 did not; NestedCondition on DefaultWebSecurityCondition.Beans @ConditionalOnMissingBean (types: org.springframework.security.web.SecurityFilterChain; SearchStrategy: all) found beans of type 'org.springframework.security.web.SecurityFilterChain' filterChain; NestedCondition on DefaultWebSecurityCondition.Classes @ConditionalOnClass found required classes 'org.springframework.security.web.SecurityFilterChain', 'org.springframework.security.config.annotation.web.builders.HttpSecurity' (DefaultWebSecurityCondition)

   SpringBootWebSecurityConfiguration.WebSecurityEnablerConfiguration:
      Did not match:
         - @ConditionalOnMissingBean (names: springSecurityFilterChain; SearchStrategy: all) found beans named springSecurityFilterChain (OnBeanCondition)
      Matched:
         - @ConditionalOnClass found required class 'org.springframework.security.config.annotation.web.configuration.EnableWebSecurity' (OnClassCondition)


Exclusions:
-----------

    None


Unconditional classes:
----------------------

    None



2026-05-18 17:59:01 INFO  [restartedMain] o.h.jpa.internal.util.LogHelper - HHH000204: Processing PersistenceUnitInfo [name: default]
2026-05-18 17:59:02 INFO  [restartedMain] org.hibernate.Version - HHH000412: Hibernate ORM core version 6.5.3.Final
2026-05-18 17:59:02 INFO  [restartedMain] o.h.c.i.RegionFactoryInitiator - HHH000026: Second-level cache disabled
2026-05-18 17:59:03 INFO  [restartedMain] o.s.o.j.p.SpringPersistenceUnitInfo - No LoadTimeWeaver setup: ignoring JPA class transformer
2026-05-18 17:59:03 INFO  [restartedMain] com.zaxxer.hikari.HikariDataSource - HikariPool-1 - Starting...
2026-05-18 17:59:04 INFO  [restartedMain] com.zaxxer.hikari.pool.HikariPool - HikariPool-1 - Added connection com.mysql.cj.jdbc.ConnectionImpl@7027199b
2026-05-18 17:59:04 INFO  [restartedMain] com.zaxxer.hikari.HikariDataSource - HikariPool-1 - Start completed.
2026-05-18 17:59:04 WARN  [restartedMain] org.hibernate.dialect.Dialect - HHH000511: The 5.5.5 version for [org.hibernate.dialect.MySQLDialect] is no longer supported, hence certain features may not work properly. The minimum supported version is 8.0.0. Check the community dialects project for available legacy versions.
2026-05-18 17:59:04 WARN  [restartedMain] org.hibernate.orm.deprecation - HHH90000025: MySQLDialect does not need to be specified explicitly using 'hibernate.dialect' (remove the property setting and it will be selected by default)
2026-05-18 17:59:06 INFO  [restartedMain] o.h.e.t.j.p.i.JtaPlatformInitiator - HHH000489: No JTA platform available (set 'hibernate.transaction.jta.platform' to enable JTA platform integration)
2026-05-18 17:59:07 INFO  [restartedMain] o.s.o.j.LocalContainerEntityManagerFactoryBean - Initialized JPA EntityManagerFactory for persistence unit 'default'
